Starting crawl of https://help.forcepoint.com/dlp/10.4.0/dlphelp/index.html
[Queue: 0] Crawling: https://help.forcepoint.com/dlp/10.4.0/dlphelp/index.html
[Queue: 171] Crawling: https://help.forcepoint.com/dlp/10.4.0/dlphelp/guid-3e3ae49c-cb25-482b-a915-61ef93143f55.html
[Queue: 170] Crawling: https://help.forcepoint.com/dlp/10.4.0/dlphelp/D8B814AE-0699-4781-BF68-0D5B60B6BA29.html
[Queue: 169] Crawling: https://help.forcepoint.com/dlp/10.4.0/dlphelp/2AA22546-066F-4988-90B5-739055E671DD.html
[Queue: 168] Crawling: https://help.forcepoint.com/dlp/10.4.0/dlphelp/034A81A6-7D55-46B1-8B41-92A37085D7FF.html
[Queue: 167] Crawling: https://help.forcepoint.com/dlp/10.4.0/dlphelp/B3E8968C-3243-4141-95F2-C2D600321611.html
[Queue: 166] Crawling: https://help.forcepoint.com/dlp/10.4.0/dlphelp/E38AA3ED-E6F8-4008-82B8-8400230E8B9D.html
[Queue: 165] Crawling: https://help.forcepoint.com/dlp/10.4.0/dlphelp/574AA3CD-C1F3-4C91-B3D4-DDD63589D996.html
[Queue: 165] Crawling: https://help.forcepoint.com/dlp/10.4.0/dlphelp/F0BF10E9-319A-418B-A7BC-DE166AD84A70.html
[Queue: 165] Crawling: https://help.forcepoint.com/dlp/10.4.0/dlphelp/guid-01a10766-a933-4cf5-878f-3173b2d66e73.html
[Queue: 164] Crawling: https://help.forcepoint.com/dlp/10.4.0/dlphelp/B5640891-94C3-441F-9C92-A7F4F2DB02C7.html
[Queue: 163] Crawling: https://help.forcepoint.com/dlp/10.4.0/dlphelp/EA6A36C8-8DCD-4C29-8195-1D983E8B3F68.html
[Queue: 162] Crawling: https://help.forcepoint.com/dlp/10.4.0/dlphelp/08CB6619-B538-4134-932A-87C9F896C288.html
[Queue: 161] Crawling: https://help.forcepoint.com/dlp/10.4.0/dlphelp/5BE2F32C-07D2-4255-809D-18D241ADA25F.html
[Queue: 167] Crawling: https://help.forcepoint.com/dlp/10.4.0/dlphelp/guid-743c8588-cff6-43d0-84d1-d2daa70c1478.html
[Queue: 166] Crawling: https://help.forcepoint.com/dlp/10.4.0/dlphelp/0CCE03E0-F4E7-4427-B4C4-42FAA7C5988A.html
[Queue: 165] Crawling: https://help.forcepoint.com/dlp/10.4.0/dlphelp/E4BCB3FA-D82D-4227-9105-C771816B9A7A.html
[Queue: 164] Crawling: https://help.forcepoint.com/dlp/10.4.0/dlphelp/6104ED8F-C38C-49CB-A5D8-D5A6525F1013.html
[Queue: 163] Crawling: https://help.forcepoint.com/dlp/10.4.0/dlphelp/69EEA9C6-4121-4580-BFAF-CD6380D23751.html
[Queue: 171] Crawling: https://help.forcepoint.com/dlp/10.4.0/dlphelp/guid-13195525-102b-44c4-adc6-d8372d07c556.html
[Queue: 170] Crawling: https://help.forcepoint.com/dlp/10.4.0/dlphelp/AA9A7A34-99FC-4D48-B33A-903F3A71949D.html
[Queue: 169] Crawling: https://help.forcepoint.com/dlp/10.4.0/dlphelp/BCB18B34-079E-4A65-B117-F9444A5EF5BC.html
[Queue: 168] Crawling: https://help.forcepoint.com/dlp/10.4.0/dlphelp/860FDF47-0F50-4360-B649-1D5120D0C3F4.html
[Queue: 167] Crawling: https://help.forcepoint.com/dlp/10.4.0/dlphelp/F7DC301D-9606-41A2-BFD2-2902EBD58426.html
Saving 20 pages to full_site_data.json...
[Queue: 171] Crawling: https://help.forcepoint.com/dlp/10.4.0/dlphelp/9E32ADAB-A18B-42B9-814A-E08D65C82ED4.html
[Queue: 170] Crawling: https://help.forcepoint.com/dlp/10.4.0/dlphelp/D50B8A70-33C4-4513-AD4D-AEFCD9BBDFFD.html
[Queue: 169] Crawling: https://help.forcepoint.com/dlp/10.4.0/dlphelp/guid-086768f6-c674-4221-9bdd-c94dcbfb2c6f.html
[Queue: 168] Crawling: https://help.forcepoint.com/dlp/10.4.0/dlphelp/040D98E5-9592-413E-9742-4D3F4BAE3D48.html
[Queue: 167] Crawling: https://help.forcepoint.com/dlp/10.4.0/dlphelp/554CB4B1-54F3-466F-AD19-1280F815AE4E.html
[Queue: 180] Crawling: https://help.forcepoint.com/dlp/10.4.0/dlphelp/4E7A2EB5-FB69-4756-BBFD-8FC7B4F58E81.html
[Queue: 179] Crawling: https://help.forcepoint.com/dlp/10.4.0/dlphelp/732033D4-C684-4F11-90DA-3E3496B8E092.html
[Queue: 178] Crawling: https://help.forcepoint.com/dlp/10.4.0/dlphelp/guid-f89912ca-884a-4832-a395-995c8b66e7dc.html
[Queue: 177] Crawling: https://help.forcepoint.com/dlp/10.4.0/dlphelp/FF9308AE-980A-48CD-AC96-3894D08B2859.html
[Queue: 176] Crawling: https://help.forcepoint.com/dlp/10.4.0/dlphelp/8A2EAAEF-B48F-4596-9E45-20F3155A33FF.html
[Queue: 196] Crawling: https://help.forcepoint.com/dlp/10.4.0/dlphelp/19A57703-AA7C-459B-A6D4-A7AB94F26715.html
[Queue: 195] Crawling: https://help.forcepoint.com/dlp/10.4.0/dlphelp/F23372D7-7EAB-44B8-8476-2ADEA46A215B.html
[Queue: 194] Crawling: https://help.forcepoint.com/dlp/10.4.0/dlphelp/guid-696023b4-65d8-431b-b2ef-0cbfe0556c32.html
[Queue: 193] Crawling: https://help.forcepoint.com/dlp/10.4.0/dlphelp/6840F3C0-B708-407B-86B8-451F4266C87C.html
[Queue: 192] Crawling: https://help.forcepoint.com/dlp/10.4.0/dlphelp/1EB73A65-00FD-4052-BCCF-0A7B5DDB31E3.html
[Queue: 200] Crawling: https://help.forcepoint.com/dlp/10.4.0/dlphelp/5DE58B2C-1B1A-4D2F-8779-3E7EF7386163.html
[Queue: 199] Crawling: https://help.forcepoint.com/dlp/10.4.0/dlphelp/guid-01fbc82c-13ab-432c-9365-51d924465c4a.html
[Queue: 198] Crawling: https://help.forcepoint.com/dlp/10.4.0/dlphelp/12482556-08af-4382-9412-dde8c8516dda.html
[Queue: 197] Crawling: https://help.forcepoint.com/dlp/10.4.0/dlphelp/EC8523BA-AA49-4B75-AD65-AEB235CBC9D5.html
[Queue: 196] Crawling: https://help.forcepoint.com/dlp/10.4.0/dlphelp/390B5A1B-4524-4635-8B6C-08EF1834A231.html
Saving 40 pages to full_site_data.json...
[Queue: 197] Crawling: https://help.forcepoint.com/dlp/10.4.0/dlphelp/E76B6206-624A-451A-A41E-29C510DA0124.html
[Queue: 196] Crawling: https://help.forcepoint.com/dlp/10.4.0/dlphelp/guid-e435cf34-2c4f-498b-a4e5-cfd3871dd773.html
[Queue: 195] Crawling: https://help.forcepoint.com/dlp/10.4.0/dlphelp/10877AAC-E619-4D84-AD10-B7D90B25820A.html
[Queue: 194] Crawling: https://help.forcepoint.com/dlp/10.4.0/dlphelp/D54EAD60-7EA0-4FF3-A90B-FA5E840A713E.html
[Queue: 193] Crawling: https://help.forcepoint.com/dlp/10.4.0/dlphelp/D5289C27-B792-4EE0-8BB9-C687634337C5.html
[Queue: 198] Crawling: https://help.forcepoint.com/dlp/10.4.0/dlphelp/guid-727ec0e9-53f8-4ea5-b3d8-2235cd40fb75.html
[Queue: 197] Crawling: https://help.forcepoint.com/dlp/10.4.0/dlphelp/3EB22EFF-5178-41B1-A563-0337A49DBBBB.html
[Queue: 196] Crawling: https://help.forcepoint.com/dlp/10.4.0/dlphelp/151BF03B-910B-468D-A5F3-27CEF1D07277.html
[Queue: 195] Crawling: https://help.forcepoint.com/dlp/10.4.0/dlphelp/A703E958-27DB-479D-A31D-64D408D2CE02.html
[Queue: 194] Crawling: https://help.forcepoint.com/dlp/10.4.0/dlphelp/D07DA880-1EEE-40F4-9B8C-853002D2BD41.html
[Queue: 207] Crawling: https://help.forcepoint.com/dlp/10.4.0/dlphelp/C40FD949-9E26-4EE4-9204-4D35A10B6777.html
[Queue: 206] Crawling: https://help.forcepoint.com/dlp/10.4.0/dlphelp/AEF7C12D-A93C-46C7-A743-78D6A03A4DC9.html
[Queue: 205] Crawling: https://help.forcepoint.com/dlp/10.4.0/dlphelp/5FACF39A-3E95-4CCD-A417-03CB3C770EF1.html
[Queue: 204] Crawling: https://help.forcepoint.com/dlp/10.4.0/dlphelp/4ECEB9AB-B06F-44A5-9153-EF236FB9B67B.html
[Queue: 203] Crawling: https://help.forcepoint.com/dlp/10.4.0/dlphelp/0C0AA412-6468-4785-A363-C64DA96C0B1C.html
[Queue: 212] Crawling: https://help.forcepoint.com/dlp/10.4.0/dlphelp/guid-77bccfb5-08fb-43bc-af93-dd8804c8539d.html
[Queue: 211] Crawling: https://help.forcepoint.com/dlp/10.4.0/dlphelp/DED20CFE-03CE-4E50-A033-FB6B92D3DDB3.html
[Queue: 210] Crawling: https://help.forcepoint.com/dlp/10.4.0/dlphelp/7AC543F4-D38A-4ADF-89D9-5D35B28920C0.html
[Queue: 209] Crawling: https://help.forcepoint.com/dlp/10.4.0/dlphelp/684464CF-AED9-471E-9976-19AF8C56BD38.html
[Queue: 208] Crawling: https://help.forcepoint.com/dlp/10.4.0/dlphelp/CABB871A-6AB7-47EC-AD6E-466DF934D234.html
Saving 60 pages to full_site_data.json...
[Queue: 218] Crawling: https://help.forcepoint.com/dlp/10.4.0/dlphelp/DCDCB283-2095-458E-B3A1-C1E40218B2DD.html
[Queue: 217] Crawling: https://help.forcepoint.com/dlp/10.4.0/dlphelp/AD5457D7-77AC-457E-97A9-940D41A75990.html
[Queue: 216] Crawling: https://help.forcepoint.com/dlp/10.4.0/dlphelp/F25B5C39-562C-4143-9909-6EC3F19BF62E.html
[Queue: 215] Crawling: https://help.forcepoint.com/dlp/10.4.0/dlphelp/3E5D4E59-4296-410A-B6AD-F5F79A60F43A.html
[Queue: 214] Crawling: https://help.forcepoint.com/dlp/10.4.0/dlphelp/8483EB95-2B1C-4E4A-8813-FFA5E1AAAC84.html
[Queue: 256] Crawling: https://help.forcepoint.com/dlp/10.4.0/dlphelp/6889A85C-EC6D-457F-B06A-8D45AC6D2777.html
[Queue: 255] Crawling: https://help.forcepoint.com/dlp/10.4.0/dlphelp/5E148450-A21E-46A2-A773-6912257F701F.html
[Queue: 254] Crawling: https://help.forcepoint.com/dlp/10.4.0/dlphelp/22FA5E0D-783F-4136-8016-5FC5C6313865.html
[Queue: 253] Crawling: https://help.forcepoint.com/dlp/10.4.0/dlphelp/249515F5-AAB1-4F51-BA06-87F33FD5663B.html
[Queue: 252] Crawling: https://help.forcepoint.com/dlp/10.4.0/dlphelp/guid-a71ce621-7d4c-48e9-b870-1260c1212528.html
[Queue: 263] Crawling: https://help.forcepoint.com/dlp/10.4.0/dlphelp/A2D5B183-5CA7-4EC0-846C-55EADB9A1D02.html
[Queue: 262] Crawling: https://help.forcepoint.com/dlp/10.4.0/dlphelp/14F2E9F5-56BE-4F64-9D32-25DC26AAC3B0.html
[Queue: 261] Crawling: https://help.forcepoint.com/dlp/10.4.0/dlphelp/51918381-7A14-4834-9D94-B5DEE78B8D14.html
[Queue: 260] Crawling: https://help.forcepoint.com/dlp/10.4.0/dlphelp/4D7EA8E4-69C6-48BF-87B3-2796B4F70F80.html
[Queue: 259] Crawling: https://help.forcepoint.com/dlp/10.4.0/dlphelp/7CC02CD7-9500-4154-A182-5A6AE5EF24D8.html
[Queue: 260] Crawling: https://help.forcepoint.com/dlp/10.4.0/dlphelp/B5FB1E1F-0950-4063-BAAD-2A30EC85AECD.html
[Queue: 259] Crawling: https://help.forcepoint.com/dlp/10.4.0/dlphelp/6A534CD4-2C23-4168-8CA3-CDCB2B838169.html
[Queue: 258] Crawling: https://help.forcepoint.com/dlp/10.4.0/dlphelp/5634842E-2AF9-431F-B5B0-1E6A1554218D.html
[Queue: 257] Crawling: https://help.forcepoint.com/dlp/10.4.0/dlphelp/9512127B-B7BE-4E07-92C2-2797AC7F1306.html
[Queue: 256] Crawling: https://help.forcepoint.com/dlp/10.4.0/dlphelp/D81EEB4E-BAB4-41A8-9A97-7B5338E4BE89.html
Saving 80 pages to full_site_data.json...
[Queue: 255] Crawling: https://help.forcepoint.com/dlp/10.4.0/dlphelp/17114F15-13A0-406E-869E-0BE0174F8E2E.html
[Queue: 254] Crawling: https://help.forcepoint.com/dlp/10.4.0/dlphelp/AD7105E3-A721-400A-8FBD-0D1ED6CF5877.html
[Queue: 253] Crawling: https://help.forcepoint.com/dlp/10.4.0/dlphelp/E4CC4156-723B-4534-A4A5-FB7C20FEAE6F.html
[Queue: 252] Crawling: https://help.forcepoint.com/dlp/10.4.0/dlphelp/E80A6545-B2DD-439E-AB09-ED0188ABAA1D.html
[Queue: 251] Crawling: https://help.forcepoint.com/dlp/10.4.0/dlphelp/7D38B089-3349-48A9-B829-CAC85137BD49.html
[Queue: 255] Crawling: https://help.forcepoint.com/dlp/10.4.0/dlphelp/D06A2EBE-1AE7-45D2-B9B2-BD6359DB4FF6.html
[Queue: 254] Crawling: https://help.forcepoint.com/dlp/10.4.0/dlphelp/BE168EA6-8BC2-49C9-99CE-1B204AD7660D.html
[Queue: 253] Crawling: https://help.forcepoint.com/dlp/10.4.0/dlphelp/58FCAE94-C929-4A0B-82AA-A052515F52C0.html
[Queue: 252] Crawling: https://help.forcepoint.com/dlp/10.4.0/dlphelp/A7983D84-E2A5-48CA-9BA0-92D385E0BF9A.html
[Queue: 251] Crawling: https://help.forcepoint.com/dlp/10.4.0/dlphelp/222AC81C-0E1C-41C0-B0B4-324C2D682999.html
[Queue: 252] Crawling: https://help.forcepoint.com/dlp/10.4.0/dlphelp/C782C77E-CE7B-4C83-AF8A-EF297D6F242C.html
[Queue: 251] Crawling: https://help.forcepoint.com/dlp/10.4.0/dlphelp/73F81C97-1E16-487F-8F23-C1DBDF80BA1E.html
[Queue: 250] Crawling: https://help.forcepoint.com/dlp/10.4.0/dlphelp/5E709270-DC8F-4836-B888-001FE7A95977.html
[Queue: 249] Crawling: https://help.forcepoint.com/dlp/10.4.0/dlphelp/DFE690E7-FEC3-48CE-8A7D-572294149ABB.html
[Queue: 250] Crawling: https://help.forcepoint.com/dlp/10.4.0/dlphelp/5DF337A3-61F8-4698-9F73-A03E0C5EAA98.html
[Queue: 253] Crawling: https://help.forcepoint.com/dlp/10.4.0/dlphelp/192404AB-23C2-4EC6-9158-7CC1E2C277C4.html
[Queue: 252] Crawling: https://help.forcepoint.com/dlp/10.4.0/dlphelp/2D1D73F0-DE27-490A-BA22-127AAA47E7CD.html
[Queue: 251] Crawling: https://help.forcepoint.com/dlp/10.4.0/dlphelp/44F33A6A-B12C-490E-94EE-32C88B3C9895.html
[Queue: 250] Crawling: https://help.forcepoint.com/dlp/10.4.0/dlphelp/734D314D-7913-4A96-A3E7-18494D224C9F.html
[Queue: 250] Crawling: https://help.forcepoint.com/dlp/10.4.0/dlphelp/EF03228D-C5FE-40CB-B64F-F51854590BEC.html
Saving 100 pages to full_site_data.json...
[Queue: 254] Crawling: https://help.forcepoint.com/dlp/10.4.0/dlphelp/C039F347-9069-4DD2-BA99-1CF80C32FCBE.html
[Queue: 253] Crawling: https://help.forcepoint.com/dlp/10.4.0/dlphelp/18F30D0C-873D-475E-B1F4-CC358CA1B7F4.html
[Queue: 252] Crawling: https://help.forcepoint.com/dlp/10.4.0/dlphelp/07E52F46-54A3-432F-A753-E0BA492666F8.html
[Queue: 251] Crawling: https://help.forcepoint.com/dlp/10.4.0/dlphelp/BD9E945E-BCD6-4BE2-83B6-FE520A07A239.html
[Queue: 250] Crawling: https://help.forcepoint.com/dlp/10.4.0/dlphelp/2C19D12D-FC24-46AB-B114-CD220ADDCAD2.html
[Queue: 250] Crawling: https://help.forcepoint.com/dlp/10.4.0/dlphelp/823A1E93-FF43-4E19-B58D-ED6894DDF338.html
[Queue: 249] Crawling: https://help.forcepoint.com/dlp/10.4.0/dlphelp/D2EE3584-9CE4-4F4F-8E86-D02E42680C4E.html
[Queue: 248] Crawling: https://help.forcepoint.com/dlp/10.4.0/dlphelp/8596B751-B1FC-4B8C-9F6A-CDD07621746E.html
[Queue: 247] Crawling: https://help.forcepoint.com/dlp/10.4.0/dlphelp/7227A34E-2785-48E5-AD52-0DA72C12260B.html
[Queue: 247] Crawling: https://help.forcepoint.com/dlp/10.4.0/dlphelp/BA9BEA3C-05FB-473E-82BA-2DFBEADE122E.html
[Queue: 259] Crawling: https://help.forcepoint.com/dlp/10.4.0/dlphelp/E1515D29-E954-4528-88D4-F2876A153B6C.html
[Queue: 258] Crawling: https://help.forcepoint.com/dlp/10.4.0/dlphelp/999A63BC-C9A9-4002-9D2F-45AB2B5DAE46.html
[Queue: 257] Crawling: https://help.forcepoint.com/dlp/10.4.0/dlphelp/2452711D-BA6A-46D2-803A-C8849067EAB5.html
[Queue: 256] Crawling: https://help.forcepoint.com/dlp/10.4.0/dlphelp/4B6AE4D9-13CF-4A2B-A4D0-BF8C3FAAE4EA.html
[Queue: 255] Crawling: https://help.forcepoint.com/dlp/10.4.0/dlphelp/7CA4A9F9-BD6B-4F23-8B26-C97705FD41FC.html
[Queue: 259] Crawling: https://help.forcepoint.com/dlp/10.4.0/dlphelp/BF6F5020-4416-47D7-A746-0EA8BDD2873A.html
[Queue: 258] Crawling: https://help.forcepoint.com/dlp/10.4.0/dlphelp/4A2A1968-75E6-45B3-B409-6EE4115CB493.html
[Queue: 257] Crawling: https://help.forcepoint.com/dlp/10.4.0/dlphelp/guid-b1c094ed-ab50-4f36-bdff-1cdfd1a59e99s.html
[Queue: 256] Crawling: https://help.forcepoint.com/dlp/10.4.0/dlphelp/476CFC53-0927-4DF6-A46C-7AF3F9A14C5C.html
[Queue: 256] Crawling: https://help.forcepoint.com/dlp/10.4.0/dlphelp/7F6D9624-5B23-4722-B08B-08D151C585A6.html
Saving 120 pages to full_site_data.json...
[Queue: 256] Crawling: https://help.forcepoint.com/dlp/10.4.0/dlphelp/B0664F00-515E-42CE-8DB9-C2ACDA114399.html
[Queue: 255] Crawling: https://help.forcepoint.com/dlp/10.4.0/dlphelp/B0104738-5533-457E-8812-A0CD04EEE6B3.html
[Queue: 254] Crawling: https://help.forcepoint.com/dlp/10.4.0/dlphelp/87FDA5DC-1612-4952-8620-9D53540825B5.html
[Queue: 253] Crawling: https://help.forcepoint.com/dlp/10.4.0/dlphelp/B9749178-B5F4-4096-B122-2D4D312B4FFF.html
[Queue: 254] Crawling: https://help.forcepoint.com/dlp/10.4.0/dlphelp/FFA213EF-5F41-49BE-94FF-E94A3491689E.html
[Queue: 262] Crawling: https://help.forcepoint.com/dlp/10.4.0/dlphelp/50DB62A6-5741-4AC7-AD78-6973BFE27AC9.html
[Queue: 261] Crawling: https://help.forcepoint.com/dlp/10.4.0/dlphelp/D1001D5E-56DF-4800-A8F3-57DCE35D606A.html
[Queue: 260] Crawling: https://help.forcepoint.com/dlp/10.4.0/dlphelp/FFE29C56-96EF-4FB2-A299-86D41A38535C.html
[Queue: 259] Crawling: https://help.forcepoint.com/dlp/10.4.0/dlphelp/1398090A-8741-4D10-B74F-BE5187199306.html
[Queue: 258] Crawling: https://help.forcepoint.com/dlp/10.4.0/dlphelp/9148F041-ED68-4CC0-80C9-F24C5A31C2BF.html
[Queue: 263] Crawling: https://help.forcepoint.com/dlp/10.4.0/dlphelp/15E1CE70-485B-41C9-BF41-5F5EE5F18DD3.html
[Queue: 262] Crawling: https://help.forcepoint.com/dlp/10.4.0/dlphelp/97F6A5FB-4253-48ED-8681-5C7FAD0664A7.html
[Queue: 261] Crawling: https://help.forcepoint.com/dlp/10.4.0/dlphelp/0B35B651-BA20-4652-9615-84B51F4CC4D2.html
[Queue: 260] Crawling: https://help.forcepoint.com/dlp/10.4.0/dlphelp/60ECE6ED-3C29-4F9F-9307-63C97BFE22C8.html
[Queue: 262] Crawling: https://help.forcepoint.com/dlp/10.4.0/dlphelp/3CB3BBCE-C2B5-470D-ACE5-C66603721E87.html
[Queue: 274] Crawling: https://help.forcepoint.com/dlp/10.4.0/dlphelp/2450F236-E242-4BAB-8281-C8A470A79147.html
[Queue: 273] Crawling: https://help.forcepoint.com/dlp/10.4.0/dlphelp/582733D2-F00D-4CB3-9B22-8DE852DE2C14.html
[Queue: 272] Crawling: https://help.forcepoint.com/dlp/10.4.0/dlphelp/6C4B0B1A-9FAF-412B-9710-1B86ABE363F7.html
[Queue: 271] Crawling: https://help.forcepoint.com/dlp/10.4.0/dlphelp/C9A47A5E-5313-420B-B646-56A84705ED4A.html
[Queue: 273] Crawling: https://help.forcepoint.com/dlp/10.4.0/dlphelp/7C2C8128-40EE-482B-9594-000A9C5AD09F.html
Saving 140 pages to full_site_data.json...
[Queue: 289] Crawling: https://help.forcepoint.com/dlp/10.4.0/dlphelp/6592728B-29E7-4BD0-80D6-FB1AA42C14EE.html
[Queue: 288] Crawling: https://help.forcepoint.com/dlp/10.4.0/dlphelp/8C6CD07C-F202-46EA-9703-9D9DAE0CE612.html
[Queue: 287] Crawling: https://help.forcepoint.com/dlp/10.4.0/dlphelp/1F418E97-9F3D-4FE4-9F35-866C1526BB28.html
[Queue: 286] Crawling: https://help.forcepoint.com/dlp/10.4.0/dlphelp/0EC1EBA4-3196-4B8C-B15A-B5102D09A7BA.html
[Queue: 289] Crawling: https://help.forcepoint.com/dlp/10.4.0/dlphelp/00E1CDD2-37E8-411F-A4BF-2BC1E4B16BE6.html
[Queue: 299] Crawling: https://help.forcepoint.com/dlp/10.4.0/dlphelp/D4D53F72-6D36-4D3A-8219-8D8F761E6685.html
[Queue: 298] Crawling: https://help.forcepoint.com/dlp/10.4.0/dlphelp/074A2995-F10F-4061-9EEB-A8C5308D035F.html
[Queue: 297] Crawling: https://help.forcepoint.com/dlp/10.4.0/dlphelp/23CD4F30-ECE1-4E4A-AE58-9ADF7835A5FE.html
[Queue: 296] Crawling: https://help.forcepoint.com/dlp/10.4.0/dlphelp/55A7A219-EA88-4C38-8696-94D505F8A019.html
[Queue: 296] Crawling: https://help.forcepoint.com/dlp/10.4.0/dlphelp/4A92FD79-1EE4-44A4-B202-9ED38DCA38F5.html
[Queue: 296] Crawling: https://help.forcepoint.com/dlp/10.4.0/dlphelp/C2C999A7-193E-4EB4-AE4B-1D6F180638C9.html
[Queue: 295] Crawling: https://help.forcepoint.com/dlp/10.4.0/dlphelp/093B65E4-FE44-45B9-9965-975CF0A675B4.html
[Queue: 294] Crawling: https://help.forcepoint.com/dlp/10.4.0/dlphelp/BFE29456-2053-4173-88E2-015FAE8E89AD.html
[Queue: 293] Crawling: https://help.forcepoint.com/dlp/10.4.0/dlphelp/370F3AC8-B7C9-4361-9953-F100A6C1BB51.html
[Queue: 292] Crawling: https://help.forcepoint.com/dlp/10.4.0/dlphelp/10A24454-A9C9-47E7-BCD4-5B820CE02379.html
[Queue: 302] Crawling: https://help.forcepoint.com/dlp/10.4.0/dlphelp/0CEC7A4B-5BE0-4A00-959E-43E062DF1BB8.html
[Queue: 301] Crawling: https://help.forcepoint.com/dlp/10.4.0/dlphelp/8280472A-FA3F-40D5-B1AB-682C9D82BE7F.html
[Queue: 300] Crawling: https://help.forcepoint.com/dlp/10.4.0/dlphelp/81975446-7415-4840-993D-D1BA6377E58C.html
[Queue: 299] Crawling: https://help.forcepoint.com/dlp/10.4.0/dlphelp/DE7D6F3B-824E-477B-B896-AEB7CF3CBB07.html
[Queue: 302] Crawling: https://help.forcepoint.com/dlp/10.4.0/dlphelp/6786E07A-DCD9-46B5-98E2-29A0D0E36F29.html
Saving 160 pages to full_site_data.json...
[Queue: 304] Crawling: https://help.forcepoint.com/dlp/10.4.0/dlphelp/4A7F0813-4F90-4ABF-B5F0-62197809BEED.html
[Queue: 303] Crawling: https://help.forcepoint.com/dlp/10.4.0/dlphelp/A9433C34-354D-4FE1-9F6F-59D6ACEE8B50.html
[Queue: 302] Crawling: https://help.forcepoint.com/dlp/10.4.0/dlphelp/8E1F4178-540C-4CDC-B6A0-C7EB44266A44.html
[Queue: 301] Crawling: https://help.forcepoint.com/dlp/10.4.0/dlphelp/725DCC1A-3A61-4D8D-A599-FB9772097341.html
[Queue: 303] Crawling: https://help.forcepoint.com/dlp/10.4.0/dlphelp/275D426E-76E4-417D-BD95-FDA6F36B05FE.html
[Queue: 302] Crawling: https://help.forcepoint.com/dlp/10.4.0/dlphelp/9A031B66-E112-489C-9D88-ACC8380819D1.html
[Queue: 301] Crawling: https://help.forcepoint.com/dlp/10.4.0/dlphelp/CF6C00C9-3B68-4B24-9AF9-2D6E567DE191.html
[Queue: 300] Crawling: https://help.forcepoint.com/dlp/10.4.0/dlphelp/A955C416-449A-4241-AF37-F891A6225727.html
[Queue: 301] Crawling: https://help.forcepoint.com/dlp/10.4.0/dlphelp/33424C72-27F6-4D19-B51A-8DCBB183BC2A.html
[Queue: 300] Crawling: https://help.forcepoint.com/dlp/10.2.0/fsmhelp/
[Queue: 299] Crawling: https://help.forcepoint.com/dlp/10.4.0/dlphelp/7E35DD64-4A1A-4EA2-811E-5B5DAF302993.html
[Queue: 298] Crawling: https://help.forcepoint.com/dlp/10.4.0/dlphelp/B3F29916-AA66-42C7-B3EC-D5E6D6E809B2.html
[Queue: 297] Crawling: https://help.forcepoint.com/dlp/10.4.0/dlphelp/36E70F19-135C-438C-8C16-EA48D110D31C.html
[Queue: 297] Crawling: https://help.forcepoint.com/dlp/10.4.0/dlphelp/A7220D4E-46B7-4EBD-9A70-0205A203567B.html
[Queue: 296] Crawling: https://help.forcepoint.com/dlp/10.4.0/dlphelp/0472666D-773E-4F2C-BF40-C291F8DDAC2D.html
[Queue: 295] Crawling: https://help.forcepoint.com/dlp/10.4.0/dlphelp/EBA9518B-3546-43AE-A997-F64131C5F580.html
[Queue: 294] Crawling: https://help.forcepoint.com/dlp/10.4.0/dlphelp/34B33386-5F92-4975-BFE8-098A118956A5.html
[Queue: 314] Crawling: https://help.forcepoint.com/dlp/10.4.0/dlphelp/FF2DEBCC-CE68-440A-954A-20036ABCC819.html
[Queue: 313] Crawling: https://help.forcepoint.com/dlp/10.4.0/dlphelp/B23143FC-BC81-4A5A-8A00-5B3C0DDDE8E5.html
Saving 180 pages to full_site_data.json...
[Queue: 312] Crawling: https://help.forcepoint.com/dlp/10.4.0/dlphelp/8EB9D175-39DA-444C-85C0-7CF4F7BB7D3C.html
[Queue: 311] Crawling: https://help.forcepoint.com/dlp/10.4.0/dlphelp/0F10F900-C2CC-4A6F-9912-5094D770B5B6.html
[Queue: 310] Crawling: https://help.forcepoint.com/dlp/10.4.0/dlphelp/25471F4F-6089-4DEB-964D-4BACD7D198F4.html
[Queue: 309] Crawling: https://help.forcepoint.com/dlp/10.4.0/dlphelp/4AD4B0DB-3886-4FEC-8A42-7BBEA74685D4.html
[Queue: 308] Crawling: https://help.forcepoint.com/dlp/10.2.0/install/
[Queue: 308] Crawling: https://help.forcepoint.com/dlp/10.4.0/dlphelp/F6DF9A28-CEDF-4A02-815F-FEC13BE86C3D.html
[Queue: 307] Crawling: https://help.forcepoint.com/dlp/10.4.0/dlphelp/AD969E86-434D-43A5-B786-8D28908366B1.html
[Queue: 306] Crawling: https://help.forcepoint.com/dlp/10.4.0/dlphelp/42E1A3CE-0204-4242-8DBB-C48D408035DB.html
[Queue: 340] Crawling: https://help.forcepoint.com/dlp/10.4.0/dlphelp/686DB4DE-0D51-4885-8FEE-C84A4823FDFA.html
[Queue: 339] Crawling: https://help.forcepoint.com/dlp/10.4.0/dlphelp/11FF378C-240D-48CB-B878-F95CE6FFF261.html
[Queue: 342] Crawling: https://help.forcepoint.com/dlp/10.4.0/dlphelp/DD885593-CC29-4AC8-B906-DC13671AA732.html
[Queue: 341] Crawling: https://help.forcepoint.com/dlp/10.4.0/dlphelp/A1B8111A-72FC-48B9-9338-4E9020FB477D.html
[Queue: 340] Crawling: https://help.forcepoint.com/dlp/10.4.0/dlphelp/CA61D9B3-ED32-40CF-B078-EDA18B6CEEE5.html
[Queue: 339] Crawling: https://help.forcepoint.com/dlp/10.4.0/dlphelp/806E8DAD-E6A8-4B41-9E93-9F5230206C75.html
[Queue: 338] Crawling: https://help.forcepoint.com/dlp/10.4.0/dlphelp/192102E9-7801-41D2-90EE-731B34E6ACCB.html
[Queue: 337] Crawling: https://help.forcepoint.com/dlp/10.4.0/dlphelp/DE1172D4-5E19-47A0-BB3F-5621F6C9F7DA.html
[Queue: 336] Crawling: https://help.forcepoint.com/dlp/10.4.0/dlphelp/59A705A9-4FB4-459F-BC37-FC1BD6458B6C.html
[Queue: 335] Crawling: https://help.forcepoint.com/dlp/10.4.0/dlphelp/3E3127B0-41CF-463D-95CA-47524FF3BE8A.html
[Queue: 334] Crawling: https://help.forcepoint.com/dlp/10.4.0/dlphelp/59B63A4C-9005-4C42-814D-CB520BE5A5E0.html
[Queue: 333] Crawling: https://help.forcepoint.com/dlp/10.4.0/dlphelp/35F39152-5C4F-495B-A53D-F23CD3B6BCB8.html
Saving 200 pages to full_site_data.json...
[Queue: 347] Crawling: https://help.forcepoint.com/dlp/10.4.0/dlphelp/81ECF879-800B-47DA-A3EA-BD16F263F6A3.html
[Queue: 346] Crawling: https://help.forcepoint.com/dlp/10.4.0/dlphelp/6BFC4FCB-6B60-4211-AF5B-5864AEF40B5A.html
[Queue: 345] Crawling: https://help.forcepoint.com/dlp/10.4.0/dlphelp/26BACE49-F7AD-44E6-A811-C14694983D96.html
[Queue: 351] Crawling: https://help.forcepoint.com/dlp/10.4.0/dlphelp/ADC8AA40-2980-4FAD-9901-ED88DEACCD3C.html
[Queue: 350] Crawling: https://help.forcepoint.com/dlp/10.4.0/dlphelp/CE8C0D5E-1E04-4FB2-A24E-E73CDCFF1FBC.html
[Queue: 351] Crawling: https://help.forcepoint.com/dlp/10.4.0/dlphelp/31DEB755-C4E7-4143-B624-E6D45E8767D7.html
[Queue: 350] Crawling: https://help.forcepoint.com/dlp/10.4.0/dlphelp/6881C46F-4168-451C-914E-8D52C41476D4.html
[Queue: 349] Crawling: https://help.forcepoint.com/dlp/10.4.0/dlphelp/DA4D4E90-949E-4CD1-93E3-15F4DAA09987.html
[Queue: 350] Crawling: https://help.forcepoint.com/dlp/10.4.0/dlphelp/55B25209-9747-4518-BA0B-815109C7DBD6.html
[Queue: 349] Crawling: https://help.forcepoint.com/dlp/10.4.0/dlphelp/7F35EA02-B54B-47D2-9C80-7659A7D67E5A.html
[Queue: 348] Crawling: https://help.forcepoint.com/dlp/10.4.0/dlphelp/88C50FCC-4718-4382-A31C-53E658C336E6.html
[Queue: 347] Crawling: https://help.forcepoint.com/dlp/10.4.0/dlphelp/9B1BBAC9-32A5-4956-B8D2-17B33FFF6ED2.html
[Queue: 346] Crawling: https://help.forcepoint.com/dlp/10.4.0/dlphelp/8D657BBC-DA38-4A1A-A679-1EF695051C5F.html
[Queue: 345] Crawling: https://help.forcepoint.com/dlp/10.4.0/dlphelp/86947A90-0009-4F1B-9924-03AE50092A09.html
[Queue: 344] Crawling: https://help.forcepoint.com/dlp/10.4.0/dlphelp/9BAAE2AE-BB10-47D4-8901-4504DAB7BD0E.html
[Queue: 343] Crawling: https://help.forcepoint.com/dlp/10.4.0/dlphelp/B6441DB6-05A7-4131-87BE-CAB323EEC8AC.html
[Queue: 342] Crawling: https://help.forcepoint.com/dlp/10.4.0/dlphelp/6B933182-46D0-4B50-B909-BCB043C319F1.html
[Queue: 341] Crawling: https://help.forcepoint.com/dlp/10.4.0/dlphelp/0451DDC9-AA35-46AD-A821-46EFF0DA5AF5.html
[Queue: 342] Crawling: https://help.forcepoint.com/dlp/10.4.0/dlphelp/537E1404-E742-42B5-9B49-16754ED1415C.html
[Queue: 341] Crawling: https://help.forcepoint.com/dlp/10.4.0/dlphelp/428E676D-490D-427F-B7C1-7C9AE2B8788B.html
Saving 220 pages to full_site_data.json...
[Queue: 341] Crawling: https://help.forcepoint.com/dlp/10.4.0/dlphelp/C4595611-BDC1-440F-B2D2-81219020DC1F.html
[Queue: 340] Crawling: https://help.forcepoint.com/dlp/10.4.0/dlphelp/E847634D-D50D-4D71-8845-ACDCAA44B496.html
[Queue: 339] Crawling: https://help.forcepoint.com/dlp/10.4.0/dlphelp/16D78CD9-26FF-43C7-A052-7A55E2069CB9.html
[Queue: 338] Crawling: https://help.forcepoint.com/dlp/10.4.0/dlphelp/2B21B365-A1E8-4EDA-ACC2-689C53FF14C9.html
[Queue: 337] Crawling: https://help.forcepoint.com/dlp/10.4.0/dlphelp/8BC58FF7-DDCE-498A-AE8A-B351681B0DAA.html
[Queue: 339] Crawling: https://help.forcepoint.com/dlp/10.4.0/dlphelp/805169CF-A973-43DA-B1CF-6D1EDA405432.html
[Queue: 338] Crawling: https://help.forcepoint.com/dlp/10.4.0/dlphelp/F6064344-5B98-4005-AF87-2E5A036F9CB9.html
[Queue: 337] Crawling: https://help.forcepoint.com/dlp/10.4.0/dlphelp/1C42DA3C-E66B-4C41-891F-7A1ADC70623E.html
[Queue: 337] Crawling: https://help.forcepoint.com/dlp/10.2.0/policies_classifiers/0DFA7F82-66E5-40C8-867F-E831129C5C91.html
[Queue: 336] Crawling: https://help.forcepoint.com/dlp/10.2.0/policies_classifiers/24704A9E-5883-4C0B-B072-222603C017F3.html
[Queue: 336] Crawling: https://help.forcepoint.com/dlp/10.2.0/policies_classifiers/BDF396FE-8721-48CB-931D-FD1897FC8051.html
[Queue: 335] Crawling: https://help.forcepoint.com/dlp/10.4.0/dlphelp/C456DB1E-FB98-40B7-90A3-7316CC71CB74.html
[Queue: 334] Crawling: https://help.forcepoint.com/dlp/10.4.0/dlphelp/guid-bff79b0c-bdff-4238-a83d-082de15aadbe.html
