[Queue: 0] Crawling: https://help.forcepoint.com/docs/index.html
[Queue: 33] Crawling: https://help.forcepoint.com/fpdsc/en-us/online-help/index.html
[Queue: 32] Crawling: https://help.forcepoint.com/docs/Forcepoint_Insights_Documentation.html
[Queue: 31] Crawling: https://help.forcepoint.com/docs/Remote_Browser_Isolation_Documentation.html
[Queue: 30] Crawling: https://help.forcepoint.com/docs/Forcepoint_Data_Security_Documentation.html
[Queue: 29] Crawling: https://help.forcepoint.com/docs/Forcepoint_DLP_for_Cloud_Email_Documentation.html
[Queue: 28] Crawling: https://help.forcepoint.com/docs/Forcepoint_Data_Security_Cloud_SSE_Documentation.html
[Queue: 27] Crawling: https://help.forcepoint.com/docs/Forcepoint_Data_Security_Posture_Management_Documentation.html
[Queue: 26] Crawling: https://help.forcepoint.com/dup/en-us/index.html
[Queue: 25] Crawling: https://help.forcepoint.com/docs/Boldon_James_Classifier_Enterprise_Suite_Documentation.html
[Queue: 24] Crawling: https://help.forcepoint.com/docs/Forcepoint_Data_Classification_Documentation.html
[Queue: 43] Crawling: https://help.forcepoint.com/fponefirewall/en-us/onlinehelp/index.html
[Queue: 75] Crawling: https://help.forcepoint.com/fpone/deploy/rhtml/guid-9312b7e9-5a8d-4e27-9e25-dcac7707c30e.html
[Queue: 74] Crawling: https://help.forcepoint.com/fpone/Interoperability/Getting_started_guide/index.html
[Queue: 83] Crawling: https://help.forcepoint.com/endpoint/en-us/onlinehelp/index.html
[Queue: 82] Crawling: https://help.forcepoint.com/docs/Forcepoint_ONE_Mobile_Documentation.html
[Queue: 81] Crawling: https://help.forcepoint.com/endpoint/en-us/Forcepoint%20Agent/index.html
[Queue: 238] Crawling: https://help.forcepoint.com/docs/Data_Loss_Prevention_Documentation.html
[Queue: 237] Crawling: https://help.forcepoint.com/docs/Forcepoint_F1E_Documentation.html
[Queue: 236] Crawling: https://help.forcepoint.com/docs/Forcepoint_V-Series_and_Virtual_Appliances_Documentation.html
[Queue: 235] Crawling: https://help.forcepoint.com/docs/Forcepoint_Email_Security_Documentation.html
[Queue: 234] Crawling: https://help.forcepoint.com/docs/Forcepoint_Email_Security_Cloud_Documentation.html
[Queue: 315] Crawling: https://help.forcepoint.com/docs/Forcepoint_V-Series_and_Virtual_Appliances_Documentation.html
[Queue: 314] Crawling: https://help.forcepoint.com/docs/Advanced_Malware_Detection_and_Protection_Documentation.html
[Queue: 313] Crawling: https://help.forcepoint.com/docs/Next_Generation_Firewall_Documentation.html
[Queue: 312] Crawling: https://help.forcepoint.com/docs/NGFW_Appliances_Documentation.html
[Queue: 311] Crawling: https://help.forcepoint.com/docs/Forcepoint_F1E_Documentation.html
[Queue: 422] Crawling: https://help.forcepoint.com/docs/FlexEdge_Secure_SD-WAN_Documentation.html
[Queue: 421] Crawling: https://help.forcepoint.com/docs/Web_Security_Documentation.html
[Queue: 420] Crawling: https://help.forcepoint.com/docs/URL_Filtering_Documentation.html
[Queue: 441] Crawling: https://help.forcepoint.com/docs/Web_Security_Cloud_Documentation.html
[Queue: 633] Crawling: https://help.forcepoint.com/fpdsc/en-us/online-help/guid-9b78f6c1-f1b7-4975-bd89-609af77b3293.html
[Queue: 632] Crawling: https://help.forcepoint.com/fpdsc/en-us/online-help/guid-aee39f00-dc95-4835-9943-66a7027af4ad.html
[Queue: 1172] Crawling: https://help.forcepoint.com/fpdsc/en-us/online-help/guid-3a8d5c9e-42b7-4299-942a-d813e411e284.html
[Queue: 1171] Crawling: https://help.forcepoint.com/fpdsc/en-us/online-help/guid-67f88b4e-9ff3-49cc-8298-f44d754c2b04.html
[Queue: 1170] Crawling: https://help.forcepoint.com/fpdsc/en-us/online-help/guid-e6e72ab5-303f-48bf-958d-9ea423153c14.html
[Queue: 1169] Crawling: https://help.forcepoint.com/fpdsc/en-us/online-help/guid-ad13284c-6691-4370-8ba8-f5058662efa5.html
[Queue: 1168] Crawling: https://help.forcepoint.com/fpdsc/en-us/online-help/guid-0214187e-313e-42ec-8dcb-89b4cd0626ff.html
[Queue: 1167] Crawling: https://help.forcepoint.com/fpdsc/en-us/online-help/guid-4abed05a-92db-4ecb-b229-23a0755d297a.html
[Queue: 1166] Crawling: https://help.forcepoint.com/fpdsc/en-us/online-help/guid-1161ca9b-5a58-4a01-8e7d-6879b6c57912.html
[Queue: 1327] Crawling: https://help.forcepoint.com/fpdsc/en-us/online-help/guid-7344ab66-43f1-4f6e-966d-22cb07aceae4.html
[Queue: 1326] Crawling: https://help.forcepoint.com/fpdsc/en-us/online-help/guid-1d8a4dc9-4425-4910-aaec-9dfc46c1d348.html
[Queue: 1325] Crawling: https://help.forcepoint.com/fpdsc/en-us/online-help/guid-69a791d8-4380-408d-9e5c-ceb682af6e45.html
[Queue: 1331] Crawling: https://help.forcepoint.com/fpdsc/en-us/online-help/guid-a4bc051b-64cd-4947-9e53-99bee552e629.html
[Queue: 1330] Crawling: https://help.forcepoint.com/fpdsc/en-us/online-help/guid-c9a10623-db0d-4e13-8a83-3fefd7dc86fd.html
[Queue: 1329] Crawling: https://help.forcepoint.com/fpdsc/en-us/online-help/guid-ab5b7997-a819-4bc6-9065-f05379c0dc72.html
[Queue: 1328] Crawling: https://help.forcepoint.com/fpdsc/en-us/online-help/guid-2b47b7ca-996c-4bb0-bd85-eb6a942cd384.html
[Queue: 1327] Crawling: https://help.forcepoint.com/fpdsc/en-us/online-help/guid-c23dc68a-4af9-4d75-9820-518f3673a833.html
[Queue: 1326] Crawling: https://help.forcepoint.com/fpdsc/en-us/online-help/guid-aa87b829-1f63-4789-a73a-9a5cb3c4ef2b.html
[Queue: 1325] Crawling: https://help.forcepoint.com/fpdsc/en-us/online-help/guid-7a1a522c-a497-4028-b9fa-5b6c20cd0b38.html
[Queue: 1324] Crawling: https://help.forcepoint.com/fpdsc/en-us/online-help/guid-735ce69a-02b7-40d1-9edb-fd6cd9423252.html
[Queue: 1323] Crawling: https://help.forcepoint.com/fponefirewall/en-us/onlinehelp/GUID-82995C8A-7B15-4A47-B609-2366747EFCDA.html
[Queue: 1342] Crawling: https://help.forcepoint.com/fponefirewall/en-us/onlinehelp/GUID-AC6679D0-090B-4502-B1BA-C93A0BDB4382.html
[Queue: 1341] Crawling: https://help.forcepoint.com/fponefirewall/en-us/onlinehelp/GUID-BDB62CFF-A28D-403F-A700-48F21F0D304C.html
[Queue: 1340] Crawling: https://help.forcepoint.com/fponefirewall/en-us/onlinehelp/GUID-812F25CC-8808-483C-8078-836350208D26.html
[Queue: 1339] Crawling: https://help.forcepoint.com/fponefirewall/en-us/onlinehelp/GUID-B7734BA1-C5B8-4096-AAFF-40D8C0C7D7C8.html
[Queue: 1338] Crawling: https://help.forcepoint.com/fponefirewall/en-us/onlinehelp/GUID-E0A858C6-227A-4E26-815F-FFCB29A63113.html
[Queue: 1337] Crawling: https://help.forcepoint.com/fponefirewall/en-us/onlinehelp/GUID-F26BAC3C-C3C5-42F8-BA51-7A8CE0C46FC4.html
[Queue: 1336] Crawling: https://help.forcepoint.com/fponefirewall/en-us/onlinehelp/GUID-B79EDDC8-0106-4B98-932B-AF21E155603F.html
[Queue: 1343] Crawling: https://help.forcepoint.com/fponefirewall/en-us/onlinehelp/GUID-231627D1-4BCB-40CD-B90B-B78C0BDBB8E2.html
[Queue: 1342] Crawling: https://help.forcepoint.com/fponefirewall/en-us/onlinehelp/GUID-0C746F66-66D2-4533-BB39-E75D2FD4D85C.html
[Queue: 1341] Crawling: https://help.forcepoint.com/fponefirewall/en-us/onlinehelp/GUID-860157D1-D65D-4B09-8360-9EE6A71611F6.html
[Queue: 1383] Crawling: https://help.forcepoint.com/fponefirewall/en-us/onlinehelp/GUID-C7F1B0C5-BC00-48D9-9FE5-640950782F3C.html
[Queue: 1382] Crawling: https://help.forcepoint.com/fponefirewall/en-us/onlinehelp/GUID-E44F333F-31B1-4956-B92F-B686FDF58A00.html
[Queue: 1381] Crawling: https://help.forcepoint.com/fponefirewall/en-us/onlinehelp/GUID-C574A53D-B2C1-4F24-9616-D9282A506835.html
[Queue: 1380] Crawling: https://help.forcepoint.com/fponefirewall/en-us/onlinehelp/GUID-F3E3D7B5-8D25-4022-AFF1-E0F3D05FAC0C.html
[Queue: 1379] Crawling: https://help.forcepoint.com/fponefirewall/en-us/onlinehelp/GUID-501FCF1B-9C93-432A-B9DB-BDA7BFC2BC67.html
[Queue: 1378] Crawling: https://help.forcepoint.com/fponefirewall/en-us/onlinehelp/GUID-8CF81DC6-8DCB-402F-BE82-AD650BB5E813.html
[Queue: 1377] Crawling: https://help.forcepoint.com/fponefirewall/en-us/onlinehelp/GUID-21ED3F38-A87C-4F56-9BB7-7218789D5C5D.html
[Queue: 1395] Crawling: https://help.forcepoint.com/fponefirewall/en-us/onlinehelp/GUID-7933B396-F1EE-4A5A-8C8C-3E11D69543FE.html
[Queue: 1394] Crawling: https://help.forcepoint.com/fponefirewall/en-us/onlinehelp/GUID-B60C4ABE-CC17-4FD1-B461-AAA78023C5CA.html
[Queue: 1393] Crawling: https://help.forcepoint.com/fponefirewall/en-us/onlinehelp/GUID-0407B3FB-D5FE-4B2D-BBBC-D6C70911B7B5.html
[Queue: 1409] Crawling: https://help.forcepoint.com/fponefirewall/en-us/onlinehelp/GUID-F77AD8B2-69C1-4861-91D9-77BA8ED8D336.html
[Queue: 1408] Crawling: https://help.forcepoint.com/fponefirewall/en-us/onlinehelp/GUID-CFF69903-AABD-4D55-859B-CD983B324A55.html
[Queue: 1407] Crawling: https://help.forcepoint.com/fponefirewall/en-us/onlinehelp/GUID-A1D85F58-5020-4602-B921-74BE2C6EC48D.html
[Queue: 1406] Crawling: https://help.forcepoint.com/fponefirewall/en-us/onlinehelp/GUID-AD2B4F92-4070-4719-96FC-518957292D35.html
[Queue: 1405] Crawling: https://help.forcepoint.com/fponefirewall/en-us/onlinehelp/GUID-FAC71882-B2B6-4966-A777-49E8069F3756.html
[Queue: 1404] Crawling: https://help.forcepoint.com/fponefirewall/en-us/onlinehelp/GUID-B153483B-2F78-46FC-AEF3-7D547FDE4DB9.html
[Queue: 1403] Crawling: https://help.forcepoint.com/fponefirewall/en-us/onlinehelp/GUID-57F67475-C06B-44A5-BDB2-630F92DDC3EB.html
[Queue: 1402] Crawling: https://help.forcepoint.com/fponefirewall/en-us/onlinehelp/GUID-9ACDBE25-730F-43C6-80EF-2F5B32905E56.html
[Queue: 1401] Crawling: https://help.forcepoint.com/fponefirewall/en-us/onlinehelp/GUID-E2DD8B89-95B1-46DA-9349-BE995D75B06F.html
[Queue: 1400] Crawling: https://help.forcepoint.com/fponefirewall/en-us/onlinehelp/GUID-170AC213-3F8A-463D-BA8D-2D51C7A5B433.html
[Queue: 1408] Crawling: https://help.forcepoint.com/datasecurity/en-us/onlinehelp/index.html
[Queue: 1407] Crawling: https://help.forcepoint.com/datasecurity/en-us/ack_third-party_legal_notices/fods_3plna_en-us.pdf
[Queue: 1406] Crawling: https://help.forcepoint.com/datasecurity/en-us/ack_third-party_legal_notices/index.html
[Queue: 1405] Crawling: https://help.forcepoint.com/datasecurity/en-us/email/index.html
[Queue: 1404] Crawling: https://help.forcepoint.com/datasecurity/en-us/email/acknowledgments/index.html
[Queue: 1403] Crawling: https://help.forcepoint.com/dspm/en-us/rn/gv_dspm_rn_v3.231.0_a_en-us.pdf
[Queue: 1402] Crawling: https://help.forcepoint.com/dspm/en-us/rn/gv_dspm_rn_v3.222.1_a_en-us.pdf
Saving 300 pages...
[Queue: 1407] Crawling: https://help.forcepoint.com/dspm/en-us/rn/gv_dspm_rn_v3.209.0_a_en-us.pdf
[Queue: 1406] Crawling: https://help.forcepoint.com/dspm/en-us/rn/gv_dspm_rn_v3.204.1_a_en-us.pdf
[Queue: 1405] Crawling: https://help.forcepoint.com/dspm/en-us/rn/gv_dspm_rn_v3.200.0_a_en-us.pdf
[Queue: 1475] Crawling: https://help.forcepoint.com/dspm/en-us/rn/gv_dspm_rn_v3.189.0_a_en-us.pdf
[Queue: 1474] Crawling: https://help.forcepoint.com/dspm/en-us/onlinehelp/index.html
[Queue: 1473] Crawling: https://help.forcepoint.com/dspm/en-us/cloud_dspm/index.html
[Queue: 1472] Crawling: https://help.forcepoint.com/getvisibility/gv/fdc/rn/agent-v3/gv_fdc_agent_3.1.0_en-us.pdf
[Queue: 1611] Crawling: https://help.forcepoint.com/getvisibility/gv/fdc/rn/agent-v3/gv_fdc_agent_3.2.0_en-us.pdf
[Queue: 1610] Crawling: https://help.forcepoint.com/getvisibility/gv/fdc/rn/agent-v3/gv_fdc_agent_3.3.0_en-us.pdf
[Queue: 1609] Crawling: https://help.forcepoint.com/getvisibility/gv/fdc/rn/agent-v3/gv_fdc_agent_3.3.2_en-us.pdf
[Queue: 1608] Crawling: https://help.forcepoint.com/getvisibility/gv/fdc/rn/agent-v3/gv_fdc_agent_3.4.0_en-us.pdf
[Queue: 1607] Crawling: https://help.forcepoint.com/getvisibility/gv/fdc/rn/agent-v3/gv_fdc_agent_3.5.x_en-us.pdf
[Queue: 1606] Crawling: https://help.forcepoint.com/getvisibility/gv/fdc/rn/agent-v4/gv_fdc_agent_4.1.x_en-us.pdf
[Queue: 1605] Crawling: https://help.forcepoint.com/getvisibility/gv/fdc/rn/agent-v4/gv_fdc_agent_4.6.x_en-us.pdf
[Queue: 1604] Crawling: https://help.forcepoint.com/getvisibility/gv/fdc/rn/agent-v4/gv_fdc_agent_4.7.x_en-us.pdf
[Queue: 1603] Crawling: https://help.forcepoint.com/dspm/fdc/en-us/onlinehelp/guid-14c989c5-140b-47f6-83e4-24333cfc8ec3.html
[Queue: 1601] Crawling: https://help.forcepoint.com/frbi/en-us/onlinehelp/index.html
[Queue: 1600] Crawling: https://help.forcepoint.com/frbi/en-us/legal_notices/rbi_lna_en-us.pdf
[Queue: 1599] Crawling: https://help.forcepoint.com/frbi/en-us/legal_notices/index.html
[Queue: 1598] Crawling: https://help.forcepoint.com/docs/rbi/legal_notices/rbi_legal_notices_and_acknowledgments_en-us.pdf
[Queue: 1597] Crawling: https://help.forcepoint.com/docs/rbi/on-prem/v2305/rbi_2305_dg_en-us.pdf
[Queue: 1596] Crawling: https://help.forcepoint.com/docs/rbi/on-prem/v2303/rbi_2303_dg_en-us.pdf
[Queue: 1595] Crawling: https://help.forcepoint.com/docs/rbi/on-prem/v2211/rbi_2211_dg_en-us.pdf
[Queue: 1634] Crawling: https://help.forcepoint.com/docs/rbi/on-prem/v2210/rbi_2210_dg_en-us.pdf
[Queue: 1633] Crawling: https://help.forcepoint.com/docs/rbi/on-prem/v2208/rbi_2208_dg_en-us.pdf
[Queue: 1632] Crawling: https://help.forcepoint.com/docs/rbi/on-prem/v2207/rbi_2207_dg_en-us.pdf
[Queue: 1631] Crawling: https://help.forcepoint.com/docs/rbi/on-prem/v2206/rbi_2206_dg_en-us.pdf
[Queue: 1630] Crawling: https://help.forcepoint.com/docs/rbi/on-prem/v2205/rbi_2205_dg_en-us.pdf
[Queue: 1632] Crawling: https://help.forcepoint.com/docs/rbi/on-prem/v2203/rbi_2203_dg_en-us.pdf
[Queue: 1631] Crawling: https://help.forcepoint.com/docs/rbi/on-prem/v2201/rbi_2201_dg_en-us.pdf
[Queue: 1630] Crawling: https://help.forcepoint.com/docs/rbi/on-prem/v60/rbi_dg_en-us.pdf
[Queue: 1629] Crawling: https://help.forcepoint.com/docs/rbi/cloud/csg/Ericom_Shield-Forcepoint_Cloud_Security_Gateway_July_2020.pdf
[Queue: 1628] Crawling: https://help.forcepoint.com/docs/rbi/v10/dlp/Ericom_Shield-Forcepoint_DLP_Integration_Guide_July_2020.pdf
[Queue: 1627] Crawling: https://help.forcepoint.com/docs/bjces/base/v319/classifier_admin_server/Release%20Note.htm
[Queue: 1626] Crawling: https://help.forcepoint.com/docs/bjces/base/v122/classifier_schema_ext/Release%20Note.htm
[Queue: 1625] Crawling: https://help.forcepoint.com/docs/bjces/base/v121/test_mode_admin/Release%20Note.htm
[Queue: 1624] Crawling: https://help.forcepoint.com/docs/bjces/base/v131/classifier_api/Release%20Note.htm
[Queue: 1623] Crawling: https://help.forcepoint.com/docs/bjces/base/v391/classifier_mgmt_agent/Release%20Note.htm
[Queue: 1622] Crawling: https://help.forcepoint.com/docs/bjces/base/v12/reporting_server/Release%20Note.htm
[Queue: 1621] Crawling: https://help.forcepoint.com/docs/bjces/base/v317/email_office_classifier/Release%20Note.htm
[Queue: 1620] Crawling: https://help.forcepoint.com/docs/bjces/base/v316/file_classifier/Release%20Note.htm
[Queue: 1619] Crawling: https://help.forcepoint.com/docs/bjces/base/v135/classifier_support_tool/Release%20Note.htm
[Queue: 1618] Crawling: https://help.forcepoint.com/docs/bjces/base/v115/system_info/Release%20Note.htm
[Queue: 1617] Crawling: https://help.forcepoint.com/docs/bjces/base/v10/classifier_docs/Documentation%20Release%20Note.htm
[Queue: 1616] Crawling: https://help.forcepoint.com/docs/bjces/base/all/classifier_docs/Evaluation%20Guide.pdf
[Queue: 1615] Crawling: https://help.forcepoint.com/docs/bjces/base/all/classifier_docs/Classifier%20Planning%20Considerations%20Guide.pdf
[Queue: 1614] Crawling: https://help.forcepoint.com/docs/bjces/base/all/classifier_docs/Administration%20Transition%20Guide.pdf
[Queue: 1613] Crawling: https://help.forcepoint.com/docs/bjces/base/all/classifier_docs/Getting%20Started%20Guide.pdf
[Queue: 1612] Crawling: https://help.forcepoint.com/docs/bjces/base/all/classifier_docs/Classifier%20Administration%20Server%20Getting%20Started%20Guide.pdf
[Queue: 1611] Crawling: https://help.forcepoint.com/docs/bjces/base/all/classifier_docs/Classifier%20Administration%20PowerShell%20Getting%20Started%20Guide.pdf
[Queue: 1610] Crawling: https://help.forcepoint.com/docs/bjces/base/all/classifier_docs/Administration%20Server%20Installation%20Guide.pdf
[Queue: 1609] Crawling: https://help.forcepoint.com/docs/bjces/base/all/classifier_docs/Notes%20Classifier%20Installation%20Guide.pdf
[Queue: 1608] Crawling: https://help.forcepoint.com/docs/bjces/base/all/classifier_docs/Classifier%20Registry%20Keys%20Reference%20Guide.pdf
[Queue: 1607] Crawling: https://help.forcepoint.com/docs/bjces/base/all/classifier_docs/Sharepoint%20Classifier%20Deployment%20Guide.pdf
[Queue: 1606] Crawling: https://help.forcepoint.com/docs/bjces/base/all/classifier_docs/Mobile%20Classifier%20Service%20Installation%20Guide.pdf
[Queue: 1605] Crawling: https://help.forcepoint.com/docs/bjces/base/all/classifier_docs/Administration%20Server%20Guide.pdf
[Queue: 1604] Crawling: https://help.forcepoint.com/docs/bjces/base/all/classifier_docs/Classifier%20Administration%20Server%20User%20Guide.pdf
[Queue: 1603] Crawling: https://help.forcepoint.com/docs/bjces/sharepoint/Power%20Classifier%20for%20SharePoint%20Guide.pdf
[Queue: 1602] Crawling: https://help.forcepoint.com/docs/bjces/base/all/classifier_docs/Management%20Agent%20User%20Guide.pdf
[Queue: 1601] Crawling: https://help.forcepoint.com/docs/bjces/base/v390/classifier_mgmt_agent/Management%20Agent%20Supplement.pdf
[Queue: 1601] Crawling: https://help.forcepoint.com/docs/bjces/base/all/classifier_docs/File%20Classifier%20Guide.pdf
[Queue: 1600] Crawling: https://help.forcepoint.com/docs/bjces/base/all/classifier_docs/File%20Classifier%20User%20Guide.pdf
[Queue: 1599] Crawling: https://help.forcepoint.com/docs/bjces/base/all/classifier_docs/Mac%20Classifier%20User%20Guide%20Supplement.pdf
[Queue: 1598] Crawling: https://help.forcepoint.com/docs/bjces/base/all/classifier_docs/Power%20Classifier%20for%20Files%20Guide.pdf
[Queue: 1597] Crawling: https://help.forcepoint.com/docs/bjces/base/all/classifier_docs/Power%20Classifier%20for%20SharePoint%20Guide.pdf
[Queue: 1596] Crawling: https://help.forcepoint.com/docs/bjces/base/all/classifier_docs/Administration%20Guide.pdf
[Queue: 1595] Crawling: https://help.forcepoint.com/docs/bjces/base/all/classifier_docs/Classifier%20Mail%20and%20Office%20Add-in%20Guide.pdf
[Queue: 1594] Crawling: https://help.forcepoint.com/docs/bjces/base/all/classifier_docs/Classifier%20Reporting%20Server%20User%20Guide.pdf
[Queue: 1593] Crawling: https://help.forcepoint.com/docs/bjces/base/all/classifier_docs/Frequently%20Asked%20Questions.pdf
[Queue: 1592] Crawling: https://help.forcepoint.com/docs/bjces/base/all/classifier_docs/Suite%20Overview.pdf
[Queue: 1591] Crawling: https://help.forcepoint.com/docs/bjces/base/all/classifier_docs/SharePoint%20Classifier%20Overview.pdf
[Queue: 1590] Crawling: https://help.forcepoint.com/docs/bjces/classifier/v212/reporting_console/Release%20Note.htm
[Queue: 1589] Crawling: https://help.forcepoint.com/docs/bjces/classifier/v213/reporting_services/Release%20Note.htm
[Queue: 1588] Crawling: https://help.forcepoint.com/docs/bjces/classifier/v21/reporting_intell_pack/Release%20Note.htm
[Queue: 1588] Crawling: https://help.forcepoint.com/docs/bjces/classifier/v213/reporting_services/Classifier%20Reporting%20Getting%20Started%20Guide.pdf
[Queue: 1587] Crawling: https://help.forcepoint.com/docs/bjces/classifier/v212/reporting_console/Classifier%20Reporting%20Console%20User%20Guide.pdf
[Queue: 1586] Crawling: https://help.forcepoint.com/docs/bjces/classifier/v213/reporting_services/Classifier%20Reporting%20System%20User%20Guide.pdf
[Queue: 1585] Crawling: https://help.forcepoint.com/docs/bjces/classifier/v213/reporting_services/Classifier%20Reporting%20Database%20Performance%20Guide.pdf
[Queue: 1584] Crawling: https://help.forcepoint.com/docs/bjces/classifier/v213/reporting_services/Classifier%20Reporting%20Database%20Schema%20Guide.pdf
[Queue: 1583] Crawling: https://help.forcepoint.com/docs/bjces/classifier/v213/reporting_services/Classifier%20Reporting%20Event%20Forwarding%20Guide.pdf
[Queue: 1582] Crawling: https://help.forcepoint.com/docs/bjces/mac/v3127/mac_classifier/ReleaseNote.htm
[Queue: 1581] Crawling: https://help.forcepoint.com/docs/bjces/mac/v10/mac_api/Release%20Note.htm
[Queue: 1580] Crawling: https://help.forcepoint.com/docs/bjces/mac/v10/mac_api/Classifier%20API%20for%20Mac.pdf
[Queue: 1579] Crawling: https://help.forcepoint.com/docs/bjces/notes/v387/notes/Release%20Note.htm
[Queue: 1578] Crawling: https://help.forcepoint.com/docs/bjces/power/v314/power/Release%20Note.htm
[Queue: 1577] Crawling: https://help.forcepoint.com/docs/bjces/box/v12/Box%20Classifier%20Release%20Notes.htm
[Queue: 1576] Crawling: https://help.forcepoint.com/docs/bjces/box/v12/Box%20Classifier%20Guide.pdf
[Queue: 1575] Crawling: https://help.forcepoint.com/docs/bjces/cad/DraftSight%20Release%20Note.htm
[Queue: 1574] Crawling: https://help.forcepoint.com/docs/bjces/cad/AutoCAD%20Release%20Note.htm
[Queue: 1573] Crawling: https://help.forcepoint.com/docs/bjces/exchange/Exchange%20Classifier%20Administration%20Release%20Note.htm
[Queue: 1572] Crawling: https://help.forcepoint.com/docs/bjces/exchange/Exchange%20Classifier%202016%20Release%20Note.htm
[Queue: 1571] Crawling: https://help.forcepoint.com/docs/bjces/exchange/Exchange%20Classifier%202013%20Release%20Note.htm
[Queue: 1570] Crawling: https://help.forcepoint.com/docs/bjces/exchange/Exchange%20Classifier%202010%20Release%20Note.htm
[Queue: 1569] Crawling: https://help.forcepoint.com/docs/bjces/exchange/Exchange%20Classifier%202019%20Release%20Note.htm
[Queue: 1568] Crawling: https://help.forcepoint.com/docs/bjces/exchange/Classifier%20Message%20Tracking%20Service%20Release%20Note.htm
Failed https://help.forcepoint.com/docs/bjces/exchange/Classifier%20Message%20Tracking%20Service%20Release%20Note.htm: socket hang up
Failed https://help.forcepoint.com/docs/bjces/exchange/Exchange%20Classifier%202019%20Release%20Note.htm: socket hang up
[Queue: 1567] Crawling: https://help.forcepoint.com/docs/bjces/exchange/Exchange%20Classifier%20Administration%20Guide.pdf
[Queue: 1566] Crawling: https://help.forcepoint.com/docs/bjces/owa/v313/Classifier%20Mail%20Add-In%20Website%20Release%20Note.htm
[Queue: 1565] Crawling: https://help.forcepoint.com/docs/bjces/owa/v313/Classifier%20Mail%20Add-In%20Manifest%20Release%20Note.htm
[Queue: 1564] Crawling: https://help.forcepoint.com/docs/bjces/owa/v312/Classifier%20Mail%20Add-In%20Website%20Release%20Note.htm
[Queue: 1563] Crawling: https://help.forcepoint.com/docs/bjces/owa/v312/Classifier%20Mail%20Add-In%20Manifest%20Release%20Note.htm
[Queue: 1562] Crawling: https://help.forcepoint.com/docs/bjces/owa/v310/Mail%20Add-In%20Website%20Release%20Note.htm
Saving 400 pages...
[Queue: 1561] Crawling: https://help.forcepoint.com/docs/bjces/owa/v310/Mail%20Add-In%20Manifest%20Release%20Note.htm
[Queue: 1560] Crawling: https://help.forcepoint.com/docs/bjces/sharepoint/v311/sharepoint_class_config_powershell/Release%20Note.htm
[Queue: 1559] Crawling: https://help.forcepoint.com/docs/bjces/sharepoint/v3105/PowerShell%20Release%20Note.htm
[Queue: 1558] Crawling: https://help.forcepoint.com/docs/bjces/sharepoint/v311/sharepoint_class_config_sweeper/Release%20Note.htm
Failed https://help.forcepoint.com/docs/bjces/sharepoint/v311/sharepoint_class_config_powershell/Release%20Note.htm: socket hang up
Failed https://help.forcepoint.com/docs/bjces/owa/v310/Mail%20Add-In%20Manifest%20Release%20Note.htm: socket hang up
[Queue: 1557] Crawling: https://help.forcepoint.com/docs/bjces/sharepoint/v3105/Configuration%20Sweeper%20Release%20Note.htm
[Queue: 1556] Crawling: https://help.forcepoint.com/docs/bjces/sharepoint/v311/sharepoint_class_item_sweeper/Release%20Note.htm
[Queue: 1555] Crawling: https://help.forcepoint.com/docs/bjces/sharepoint/v3105/Item%20Sweeper%20Release%20Note.htm
[Queue: 1554] Crawling: https://help.forcepoint.com/docs/bjces/sharepoint/v310/Power%20Classifier%20Sharepoint%20Release%20Note.htm
[Queue: 1553] Crawling: https://help.forcepoint.com/docs/bjces/sharepoint/v311/sharepoint_class_website_clients/Release%20Note.htm
[Queue: 1552] Crawling: https://help.forcepoint.com/docs/bjces/sharepoint/v3105/Website%20For%20Clients%20Release%20Note.htm
Failed https://help.forcepoint.com/docs/bjces/sharepoint/v3105/Configuration%20Sweeper%20Release%20Note.htm: socket hang up
Failed https://help.forcepoint.com/docs/bjces/sharepoint/v310/Power%20Classifier%20Sharepoint%20Release%20Note.htm: socket hang up
Failed https://help.forcepoint.com/docs/bjces/sharepoint/v3105/Item%20Sweeper%20Release%20Note.htm: socket hang up
Failed https://help.forcepoint.com/docs/bjces/sharepoint/v311/sharepoint_class_item_sweeper/Release%20Note.htm: socket hang up
[Queue: 1551] Crawling: https://help.forcepoint.com/docs/bjces/sharepoint/SharePoint%20Classifier%20Guide.pdf
[Queue: 1549] Crawling: https://help.forcepoint.com/docs/Forcepoint%20ONE%20(FONE)%20SSE%20Documentation.html#Deployment
[Queue: 1548] Crawling: https://help.forcepoint.com/docs/Forcepoint%20ONE%20(FONE)%20SSE%20Documentation.html#ReleaseNotes
[Queue: 1547] Crawling: https://help.forcepoint.com/docs/Forcepoint%20ONE%20(FONE)%20SSE%20Documentation.html#IntegrationGuides
[Queue: 1546] Crawling: https://help.forcepoint.com/docs/Forcepoint%20ONE%20(FONE)%20SSE%20Documentation.html#Howto
[Queue: 1545] Crawling: https://help.forcepoint.com/docs/Forcepoint%20ONE%20(FONE)%20SSE%20Documentation.html#KBA
[Queue: 1544] Crawling: https://help.forcepoint.com/fpone/deploy/rhtml/index.html
[Queue: 1543] Crawling: https://help.forcepoint.com/docs/Forcepoint%20ONE%20(FONE)%20SSE%20Documentation.html#Cloud
[Queue: 1722] Crawling: https://help.forcepoint.com/docs/Forcepoint%20ONE%20(FONE)%20SSE%20Documentation.html#SmartEdgeAgent
[Queue: 1721] Crawling: https://help.forcepoint.com/docs/Forcepoint%20ONE%20(FONE)%20SSE%20Documentation.html#Windows
[Queue: 1720] Crawling: https://help.forcepoint.com/docs/Forcepoint%20ONE%20(FONE)%20SSE%20Documentation.html#macOS
[Queue: 1719] Crawling: https://help.forcepoint.com/fpone/RN/240924/prod/index.html
[Queue: 1718] Crawling: https://help.forcepoint.com/fpone/RN/240321/prod/index.html
[Queue: 1717] Crawling: https://help.forcepoint.com/fpone/RN/231220/prod/index.html
[Queue: 1716] Crawling: https://help.forcepoint.com/fpone/RN/231023/Prod/index.html
[Queue: 1811] Crawling: https://help.forcepoint.com/fpone/RN/230814/Prod/index.html
[Queue: 1810] Crawling: https://help.forcepoint.com/fpone/RN/230516/Prod/index.html
[Queue: 1906] Crawling: https://help.forcepoint.com/fpone/RN/230329/Prod/index.html
[Queue: 1905] Crawling: https://help.forcepoint.com/fpone/RN/230112/govcloud/index.html
[Queue: 1904] Crawling: https://help.forcepoint.com/fpone/RN/230112/Prod/index.html
[Queue: 1903] Crawling: https://help.forcepoint.com/fpone/RN/221116/Prod/index.html
[Queue: 1902] Crawling: https://help.forcepoint.com/fpone/RN/220805/govcloud/index.html
[Queue: 1901] Crawling: https://help.forcepoint.com/fpone/RN/220805/canadagovcloud/index.html
[Queue: 1900] Crawling: https://help.forcepoint.com/fpone/RN/220805/Prod/index.html
[Queue: 1907] Crawling: https://help.forcepoint.com/fpone/RN/220609/Prod/index.html
[Queue: 1906] Crawling: https://help.forcepoint.com/fpone/RN/220331/Prod/index.html
[Queue: 1933] Crawling: https://help.forcepoint.com/fpone/RN/220214/GovCloud/index.html
[Queue: 1932] Crawling: https://help.forcepoint.com/fpone/RN/220214/Prod/index.html
[Queue: 1931] Crawling: https://help.forcepoint.com/fpone/RN/240/macos/index.html
[Queue: 1930] Crawling: https://help.forcepoint.com/fpone/RN/210/macos/index.html
[Queue: 1929] Crawling: https://help.forcepoint.com/fpone/RN/300/windows/index.html
[Queue: 1928] Crawling: https://help.forcepoint.com/fpone/RN/240/windows/index.html
[Queue: 1927] Crawling: https://help.forcepoint.com/fpone/RN/230/windows/index.html
[Queue: 1934] Crawling: https://help.forcepoint.com/fpone/RN/163F/index.html
[Queue: 1933] Crawling: https://help.forcepoint.com/dlp/fone_integration/forcepoint_dlp_and_forcepoint_one_casb/index.html
[Queue: 1974] Crawling: https://help.forcepoint.com/dlp/fone_integration/forcepoint_dlp_and_forcepoint_one_swg/index.html
[Queue: 1973] Crawling: https://help.forcepoint.com/fpone/howto/PaloAlto_IPsec/index.html
[Queue: 1972] Crawling: https://help.forcepoint.com/fpone/howto/fone_hw_CiscoISR_GRE/index.html
[Queue: 1971] Crawling: https://help.forcepoint.com/fpone/howto/JuniperSRX_GRE/index.html
[Queue: 1970] Crawling: https://help.forcepoint.com/fpone/howto/fone_hw_CiscoISR_IPsec/index.html
[Queue: 1969] Crawling: https://help.forcepoint.com/fpone/howto/fone_hw_CiscoASA/index.html
[Queue: 1968] Crawling: https://help.forcepoint.com/fpone/howto/NGFW_IPsec/index.html
[Queue: 1967] Crawling: https://help.forcepoint.com/fpone/howto/JuniperSRX_IPsec/index.html
[Queue: 2102] Crawling: https://help.forcepoint.com/fpone/howto/General_IPsec/index.html
[Queue: 2101] Crawling: https://help.forcepoint.com/fpone/Interoperability/Getting_started_guide/guid-25f8f560-19b8-441e-a400-97f321eed810.html
[Queue: 2100] Crawling: https://help.forcepoint.com/fpone/Interoperability/Getting_started_guide/guid-b6f1e0e0-74f0-4808-8c5f-09d2f77a6d20.html
[Queue: 2099] Crawling: https://help.forcepoint.com/fpone/Interoperability/Getting_started_guide/guid-e36855b7-f476-466a-87df-547f21551bac.html
[Queue: 2098] Crawling: https://help.forcepoint.com/fpone/Interoperability/Getting_started_guide/guid-e43ba3e5-35ef-4e04-a849-9748486607d2.html
[Queue: 2097] Crawling: https://help.forcepoint.com/fpone/Interoperability/Getting_started_guide/guid-a6f0f8d9-6af1-4c0f-af2b-378558399a24.html
[Queue: 2096] Crawling: https://help.forcepoint.com/fpone/Interoperability/Getting_started_guide/guid-3e0e752d-5959-4d05-9e3f-5ade97d25b9c.html
[Queue: 2095] Crawling: https://help.forcepoint.com/fpone/Interoperability/Getting_started_guide/guid-458b3b2a-434b-4ab4-9685-e79272c513b0.html
[Queue: 2094] Crawling: https://help.forcepoint.com/insights/en-us/userguide/index.html
[Queue: 2108] Crawling: https://help.forcepoint.com/docs/Tech_Pubs/Insights/ingapi/index.html
[Queue: 2160] Crawling: https://help.forcepoint.com/endpoint/en-us/Forcepoint%20Agent/guid-580fdfda-3c7d-40da-818f-1793ecabc760.html
[Queue: 2159] Crawling: https://help.forcepoint.com/endpoint/en-us/Forcepoint%20Agent/guid-b37c178b-1439-4fac-9d5d-9d734a9fbb80.html
[Queue: 2158] Crawling: https://help.forcepoint.com/endpoint/en-us/Forcepoint%20Agent/guid-011e6e26-ff7b-46fb-8601-dc1b1b5ff5d9.html
[Queue: 2157] Crawling: https://help.forcepoint.com/endpoint/en-us/Forcepoint%20Agent/guid-0498cb88-a064-4c78-aedd-28a1640d8c34.html
[Queue: 2156] Crawling: https://help.forcepoint.com/endpoint/en-us/Forcepoint%20Agent/guid-f4dc3752-c91b-41d5-8ff1-e5f76bfb6569.html
[Queue: 2155] Crawling: https://help.forcepoint.com/endpoint/en-us/Forcepoint%20Agent/guid-7d33d97d-8ad1-4994-aa4c-2153275a66b2.html
[Queue: 2154] Crawling: https://help.forcepoint.com/endpoint/en-us/Forcepoint%20Agent/guid-322d8dc8-c2ab-4d8a-9179-d56f845aa72d.html
[Queue: 2153] Crawling: https://help.forcepoint.com/endpoint/en-us/Forcepoint%20Agent/guid-6fe050fa-e450-4e68-858a-4f1046482de8.html
[Queue: 2152] Crawling: https://help.forcepoint.com/endpoint/en-us/Forcepoint%20Agent/guid-55f94be9-c730-47cc-adef-a6375b17bd81.html
[Queue: 2151] Crawling: https://help.forcepoint.com/endpoint/en-us/Forcepoint%20Agent/guid-805f88c4-9880-4756-9930-5851d711e86e.html
[Queue: 2181] Crawling: https://help.forcepoint.com/endpoint/en-us/Forcepoint%20Agent/guid-673bc4c8-589c-4965-a30d-962df2c354c1.html
[Queue: 2180] Crawling: https://help.forcepoint.com/endpoint/en-us/Forcepoint%20Agent/guid-1e12d87b-a35c-45e1-9a4b-96daf32430d8.html
[Queue: 2179] Crawling: https://help.forcepoint.com/endpoint/en-us/Forcepoint%20Agent/guid-ed93d9fa-892d-4bcf-af19-d11839ebe3aa.html
[Queue: 2178] Crawling: https://help.forcepoint.com/endpoint/en-us/Forcepoint%20Agent/guid-ea18f73f-6d51-465b-9b12-78102c9e21ac.html
[Queue: 2177] Crawling: https://help.forcepoint.com/endpoint/en-us/Forcepoint%20Agent/guid-e43b5788-5a0d-4b05-b55a-679ab810ff50.html
[Queue: 2176] Crawling: https://help.forcepoint.com/endpoint/en-us/Forcepoint%20Agent/guid-fc3393e5-a376-4cc4-bfdc-d7ce86a431fd.html
[Queue: 2175] Crawling: https://help.forcepoint.com/endpoint/en-us/Forcepoint%20Agent/guid-e493d8b0-6cee-4ed5-84dd-1c9a73a13685.html
[Queue: 2174] Crawling: https://help.forcepoint.com/endpoint/en-us/Forcepoint%20Agent/guid-7663a25d-42f4-4fac-9796-afd88de2f294.html
[Queue: 2173] Crawling: https://help.forcepoint.com/endpoint/en-us/Forcepoint%20Agent/guid-8169bf77-ace1-4943-8eb5-e7abd6bf2917.html
[Queue: 2177] Crawling: https://help.forcepoint.com/endpoint/en-us/Forcepoint%20Agent/guid-c9b0ac40-b299-4d59-867a-cb51b9aa3970.html
[Queue: 2199] Crawling: https://help.forcepoint.com/endpoint/en-us/Forcepoint%20Agent/guid-1df7640e-6ac0-468d-b374-4e84fcdc1d8c.html
[Queue: 2198] Crawling: https://help.forcepoint.com/endpoint/en-us/Forcepoint%20Agent/guid-93585681-d9cc-4e50-a698-c4c782b94715.html
[Queue: 2197] Crawling: https://help.forcepoint.com/endpoint/en-us/Forcepoint%20Agent/guid-06e8b48c-b108-421f-831b-5a6a104f1d51.html
[Queue: 2196] Crawling: https://help.forcepoint.com/endpoint/en-us/Forcepoint%20Agent/guid-74b6132f-7bdf-4698-b12b-ce3a56c9a2d7.html
[Queue: 2195] Crawling: https://help.forcepoint.com/fpone/mobile/online_help/index.html
[Queue: 2194] Crawling: https://help.forcepoint.com/fpone/mobile/ack_third-party_legal_notices/index.html
[Queue: 2193] Crawling: https://help.forcepoint.com/endpoint/en-us/onlinehelp/guid-f9e8c6c7-00f4-4238-8c49-2fe7c7e0b79f.html
[Queue: 2192] Crawling: https://help.forcepoint.com/endpoint/en-us/onlinehelp/guid-580fdfda-3c7d-40da-818f-1793ecabc760.html
[Queue: 2191] Crawling: https://help.forcepoint.com/endpoint/en-us/onlinehelp/guid-0b76a311-62e0-4e5d-b86b-fc32a5c1af6d.html
[Queue: 2190] Crawling: https://help.forcepoint.com/endpoint/en-us/onlinehelp/guid-ea238719-90ab-4e50-8995-7ca05ebbea1c.html
[Queue: 2244] Crawling: https://help.forcepoint.com/endpoint/en-us/onlinehelp/guid-06e8b48c-b108-421f-831b-5a6a104f1d51.html
[Queue: 2243] Crawling: https://help.forcepoint.com/endpoint/en-us/onlinehelp/guid-b3b3ac73-8418-441a-b58d-5fa0d5837807.html
[Queue: 2242] Crawling: https://help.forcepoint.com/endpoint/en-us/onlinehelp/guid-74b6132f-7bdf-4698-b12b-ce3a56c9a2d7.html
[Queue: 2241] Crawling: https://help.forcepoint.com/endpoint/en-us/onlinehelp/guid-011e6e26-ff7b-46fb-8601-dc1b1b5ff5d9.html
[Queue: 2240] Crawling: https://help.forcepoint.com/endpoint/en-us/onlinehelp/guid-0498cb88-a064-4c78-aedd-28a1640d8c34.html
[Queue: 2239] Crawling: https://help.forcepoint.com/endpoint/en-us/onlinehelp/guid-f4dc3752-c91b-41d5-8ff1-e5f76bfb6569.html
[Queue: 2238] Crawling: https://help.forcepoint.com/endpoint/en-us/onlinehelp/guid-7d33d97d-8ad1-4994-aa4c-2153275a66b2.html
[Queue: 2237] Crawling: https://help.forcepoint.com/endpoint/en-us/onlinehelp/guid-322d8dc8-c2ab-4d8a-9179-d56f845aa72d.html
[Queue: 2236] Crawling: https://help.forcepoint.com/endpoint/en-us/onlinehelp/guid-66ad4c9f-be42-4ec7-8042-7b147d4c7474.html
[Queue: 2242] Crawling: https://help.forcepoint.com/endpoint/en-us/onlinehelp/guid-673bc4c8-589c-4965-a30d-962df2c354c1.html
Saving 500 pages...
[Queue: 2293] Crawling: https://help.forcepoint.com/endpoint/en-us/onlinehelp/guid-1e12d87b-a35c-45e1-9a4b-96daf32430d8.html
[Queue: 2292] Crawling: https://help.forcepoint.com/endpoint/en-us/onlinehelp/guid-ed93d9fa-892d-4bcf-af19-d11839ebe3aa.html
[Queue: 2291] Crawling: https://help.forcepoint.com/endpoint/en-us/onlinehelp/guid-6fe050fa-e450-4e68-858a-4f1046482de8.html
[Queue: 2290] Crawling: https://help.forcepoint.com/endpoint/en-us/onlinehelp/guid-55f94be9-c730-47cc-adef-a6375b17bd81.html
[Queue: 2289] Crawling: https://help.forcepoint.com/endpoint/en-us/onlinehelp/guid-2f711dfc-501e-410e-b51f-dd727faef594.html
[Queue: 2288] Crawling: https://help.forcepoint.com/endpoint/en-us/onlinehelp/guid-18e44925-61a9-4ee3-bccc-1196c5a5a014.html
[Queue: 2287] Crawling: https://help.forcepoint.com/endpoint/en-us/onlinehelp/guid-ea18f73f-6d51-465b-9b12-78102c9e21ac.html
[Queue: 2301] Crawling: https://help.forcepoint.com/endpoint/en-us/onlinehelp/guid-6dee8270-36bf-4abb-9818-8861528238a0.html
[Queue: 2300] Crawling: https://help.forcepoint.com/endpoint/en-us/onlinehelp/guid-bfe866ca-78ba-495f-9fca-9d40a7b5f8e1.html
[Queue: 2299] Crawling: https://help.forcepoint.com/endpoint/en-us/onlinehelp/guid-72c08028-4e97-46b8-86ac-85d28c8ae3a4.html
[Queue: 2330] Crawling: https://help.forcepoint.com/endpoint/en-us/onlinehelp/guid-8c6c53fa-62e8-40da-a43a-d45944348ffa.html
[Queue: 2329] Crawling: https://help.forcepoint.com/endpoint/en-us/onlinehelp/guid-18edc45e-433a-4383-8a4a-bbe9a9eff221.html
[Queue: 2328] Crawling: https://help.forcepoint.com/endpoint/en-us/onlinehelp/guid-ee4d996b-f20c-4de5-9e1b-cb1c0c28d545.html
[Queue: 2327] Crawling: https://help.forcepoint.com/endpoint/en-us/onlinehelp/guid-e43b5788-5a0d-4b05-b55a-679ab810ff50.html
[Queue: 2326] Crawling: https://help.forcepoint.com/endpoint/en-us/onlinehelp/guid-05ba4f42-beb4-44d5-a5c4-e88c8d42e00f.html
[Queue: 2325] Crawling: https://help.forcepoint.com/endpoint/en-us/onlinehelp/guid-b56692d0-9697-499a-950e-c54c8390c739.html
[Queue: 2324] Crawling: https://help.forcepoint.com/endpoint/en-us/onlinehelp/guid-8202e3ee-2df0-4cb9-8ef3-ff6dc04fb3ac.html
[Queue: 2328] Crawling: https://help.forcepoint.com/endpoint/en-us/onlinehelp/guid-8dec6d87-82ab-490d-bdd1-d33c1be874fd.html
[Queue: 2327] Crawling: https://help.forcepoint.com/endpoint/en-us/onlinehelp/guid-fc3393e5-a376-4cc4-bfdc-d7ce86a431fd.html
[Queue: 2331] Crawling: https://help.forcepoint.com/fpone/deploy/rhtml/guid-b1da357e-98fc-47ec-a03e-ae24aed2417e.html
[Queue: 2330] Crawling: https://help.forcepoint.com/fpone/deploy/rhtml/guid-112a0245-eac3-4a18-8071-683eea124f22.html
[Queue: 2329] Crawling: https://help.forcepoint.com/fpone/deploy/rhtml/guid-d92838ca-b1af-4eb7-a02e-b60f9eb5fc51.html
[Queue: 2328] Crawling: https://help.forcepoint.com/fpone/deploy/rhtml/guid-e025d976-136c-4b07-824f-81f3ae0f63a0.html
[Queue: 2327] Crawling: https://help.forcepoint.com/fpone/deploy/rhtml/guid-27ce94ab-b5a2-43c6-9e4d-9e81451abca5.html
[Queue: 2326] Crawling: https://help.forcepoint.com/fpone/deploy/rhtml/guid-c8f8e0b0-5c0c-4ca4-b2af-8562d5c46b99_2.html
[Queue: 2325] Crawling: https://help.forcepoint.com/fpone/deploy/rhtml/guid-188a1d33-7541-44a6-bf7f-44a6cd4d2c58.html
[Queue: 2324] Crawling: https://help.forcepoint.com/fpone/deploy/rhtml/guid-8a5c9135-a142-4a3b-90e3-9ae74f771f8f.html
[Queue: 2323] Crawling: https://help.forcepoint.com/fpone/deploy/rhtml/guid-c0a0a019-c674-4a19-89a6-afda7db098da.html
[Queue: 2322] Crawling: https://help.forcepoint.com/fpone/deploy/rhtml/guid-83b51793-22d5-4e6d-a5d7-c1b37e10fd2f.html
[Queue: 2426] Crawling: https://help.forcepoint.com/fpone/deploy/rhtml/guid-bc7e73b0-67c3-4bc5-ba05-4d8a24def48a.html
[Queue: 2425] Crawling: https://help.forcepoint.com/fpone/deploy/rhtml/guid-57a0560a-fe16-4a46-9be9-0ff8f9b26fa2.html
[Queue: 2424] Crawling: https://help.forcepoint.com/fpone/deploy/rhtml/guid-ebedd646-b431-4e70-b479-b404c8cdd00b.html
[Queue: 2423] Crawling: https://help.forcepoint.com/fpone/deploy/rhtml/guid-dd9b6daa-ecdd-46ae-b133-b75b6be6dee1.html
[Queue: 2422] Crawling: https://help.forcepoint.com/fpone/deploy/rhtml/guid-a9217e36-6160-4f10-94b3-a8170ccae15b.html
[Queue: 2421] Crawling: https://help.forcepoint.com/fpone/deploy/rhtml/guid-63ce0ceb-c570-46b5-bceb-ce035b9d6f23.html
[Queue: 2420] Crawling: https://help.forcepoint.com/fpone/deploy/rhtml/guid-5d451096-ddf6-4849-96dc-07bb4bd84891.html
[Queue: 2419] Crawling: https://help.forcepoint.com/fpone/deploy/rhtml/guid-823e450c-77da-4dee-a10f-c01ea396bf64.html
[Queue: 2439] Crawling: https://help.forcepoint.com/fpone/deploy/rhtml/guid-985d1df2-2962-4a01-ac10-e45d610f79d2.html
[Queue: 2438] Crawling: https://help.forcepoint.com/fpone/deploy/rhtml/guid-95e28506-fd65-45bb-9284-cad52351e20c.html
[Queue: 2479] Crawling: https://help.forcepoint.com/fpone/deploy/rhtml/application/guid-e243d1a2-e538-4b4b-a53d-5477fa13d790.html
[Queue: 2478] Crawling: https://help.forcepoint.com/emailsec/en-us/on-prem/8.5.7/release_notes/es_857_rn_en-us.pdf
[Queue: 2477] Crawling: https://help.forcepoint.com/emailsec/en-us/on-prem/8.5.7/release_notes/index.html
[Queue: 2476] Crawling: https://help.forcepoint.com/emailsec/en-us/on-prem/8.5.5/release_notes/es_855_rn_en-us.pdf
[Queue: 2475] Crawling: https://help.forcepoint.com/emailsec/en-us/on-prem/8.5.5/release_notes/index.html
[Queue: 2474] Crawling: https://help.forcepoint.com/docs/email/v854/email_release_notes/ESG854_ReleaseNotes.pdf
[Queue: 2473] Crawling: https://help.forcepoint.com/docs/shared/v854/release_notes/first.aspx
[Queue: 2472] Crawling: https://help.forcepoint.com/emailsec/en-us/on-prem/8.5.x/email_install/es_85x_install_en-us.pdf
[Queue: 2480] Crawling: https://help.forcepoint.com/emailsec/en-us/on-prem/8.5.x/email_install/index.html
[Queue: 2479] Crawling: https://help.forcepoint.com/emailsec/en-us/on-prem/8.5.x/email_upgrade/es_85x_ug_en-us.pdf
[Queue: 2508] Crawling: https://help.forcepoint.com/emailsec/en-us/on-prem/8.5.x/email_upgrade/index.html
[Queue: 2507] Crawling: https://help.forcepoint.com/dlp/10.3.0/deployctr/F550DC21-DAC4-4A85-8D29-25AE78038BDC.html
[Queue: 2506] Crawling: https://help.forcepoint.com/websec/en-us/on-prem/85/security_solutions_install/ws-dlp-es_ig_en-us.pdf
[Queue: 2505] Crawling: https://help.forcepoint.com/websec/en-us/on-prem/85/security_solutions_install/index.html
[Queue: 2509] Crawling: https://help.forcepoint.com/websec/en-us/on-prem/85/security_solutions_upgrade/ws-dlp-es_ug_en-us.pdf
[Queue: 2565] Crawling: https://help.forcepoint.com/websec/en-us/on-prem/85/security_solutions_upgrade/index.html
[Queue: 2564] Crawling: https://help.forcepoint.com/dlp/10.3.0/deployctr/index.html
[Queue: 2563] Crawling: https://help.forcepoint.com/dlp/10.3.0/deployctr/index.html
[Queue: 2562] Crawling: https://help.forcepoint.com/emailsec/en-us/on-prem/8.5.x/azure_quickstart/azure_setup_guide.pdf
[Queue: 2561] Crawling: https://help.forcepoint.com/emailsec/en-us/on-prem/8.5.x/azure_install/es_85x_ifpes-mazure_en-us.pdf
[Queue: 2560] Crawling: https://help.forcepoint.com/emailsec/en-us/on-prem/8.5.x/azure_install/index.html
[Queue: 2559] Crawling: https://help.forcepoint.com/emailsec/en-us/on-prem/8.5.x/admin_guide/esg_85x_ah_en-us.pdf
[Queue: 2881] Crawling: https://help.forcepoint.com/emailsec/en-us/on-prem/8.5.x/admin_guide/index.html
[Queue: 2880] Crawling: https://help.forcepoint.com/emailsec/en-us/on-prem/8.5.x/email_log_server_config/es_85x_elscuh_en-us.pdf
[Queue: 2879] Crawling: https://help.forcepoint.com/emailsec/en-us/on-prem/8.5.x/email_log_server_config/es_85x_elscuh_en-us.pdf
[Queue: 2878] Crawling: https://help.forcepoint.com/dlp/10.3.0/fsmhelp/fsmhelp.pdf
[Queue: 2877] Crawling: https://help.forcepoint.com/dlp/10.3.0/fsmhelp/index.html
[Queue: 2876] Crawling: https://help.forcepoint.com/emailsec/en-us/on-prem/8.5.x/admin_guide/guid-486a358f-ceb6-42a6-93fd-ba56a851ef1e.html
[Queue: 2960] Crawling: https://help.forcepoint.com/emailsec/en-us/on-prem/8.5.x/pem_help/es_85x_pem-uh_en-us.pdf
[Queue: 2959] Crawling: https://help.forcepoint.com/emailsec/en-us/on-prem/8.5.x/pem_help/es_85x_pem-uh_en-us.pdf
[Queue: 2958] Crawling: https://help.forcepoint.com/emailsec/en-us/on-prem/8.5.x/email_smd_user_help/es_smuh-lv_en-us.pdf
[Queue: 2977] Crawling: https://help.forcepoint.com/emailsec/en-us/on-prem/8.5.x/email_smd_user_help/index.html
[Queue: 2976] Crawling: https://help.forcepoint.com/websec/en-us/on-prem/85/backup_faq/ws-dlp-es_85x_brfaq_en-us.pdf
[Queue: 2975] Crawling: https://help.forcepoint.com/websec/en-us/on-prem/85/backup_faq/index.html
[Queue: 2974] Crawling: https://help.forcepoint.com/websec/en-us/on-prem/85/move_mgmt_server/ws-dlp-es_85x_mms_en-us.pdf
[Queue: 2989] Crawling: https://help.forcepoint.com/websec/en-us/on-prem/85/move_mgmt_server/index.html
[Queue: 2988] Crawling: https://help.forcepoint.com/docs/appliance/v85/cli_guide/appl_cli_guide.pdf
[Queue: 2987] Crawling: https://help.forcepoint.com/websec/en-us/on-prem/85/move_reporting_db/ws-dlp-es_85x_mrdb_en-us.pdf
[Queue: 2986] Crawling: https://help.forcepoint.com/websec/en-us/on-prem/85/move_reporting_db/index.html
[Queue: 2985] Crawling: https://help.forcepoint.com/websec/en-us/on-prem/85/dba_paper/ws-dlp-es_85x_afdb_en-us.pdf
[Queue: 2984] Crawling: https://help.forcepoint.com/websec/en-us/on-prem/85/dba_paper/ws-dlp-es_85x_afdb_en-us.pdf
[Queue: 2983] Crawling: https://help.forcepoint.com/emailsec/en-us/on-prem/8.5.x/email_encryption/es_85x_me-us.pdf
[Queue: 2982] Crawling: https://help.forcepoint.com/emailsec/en-us/on-prem/8.5.x/email_encryption/index.html
[Queue: 2981] Crawling: https://help.forcepoint.com/emailsec/en-us/on-prem/8.5.x/email_siem/es_85x_siem-el_en-us.pdf
[Queue: 2980] Crawling: https://help.forcepoint.com/emailsec/en-us/on-prem/8.5.x/email_siem/index.html
[Queue: 3007] Crawling: https://help.forcepoint.com/emailsec/en-us/on-prem/8.5.x/email_ports/es_85x_ports_en-us.pdf
[Queue: 3006] Crawling: https://help.forcepoint.com/emailsec/en-us/on-prem/8.5.x/email_ports/index.html
[Queue: 3005] Crawling: https://help.forcepoint.com/emailsec/en-us/on-prem/8.5.x/acknowledgments/es_85x_acknowledge_en-us.pdf
[Queue: 3004] Crawling: https://help.forcepoint.com/emailsec/en-us/on-prem/8.5.x/acknowledgments/index.html
[Queue: 3011] Crawling: https://help.forcepoint.com/emailsec/en-us/cloud/release_notes/2025/esc_2025_rn_en-us.pdf
[Queue: 3010] Crawling: https://help.forcepoint.com/emailsec/en-us/cloud/release_notes/2025/index.html
[Queue: 3009] Crawling: https://help.forcepoint.com/emailsec/en-us/cloud/release_notes/2024/esc_2024_rn_en-us.pdf
[Queue: 3008] Crawling: https://help.forcepoint.com/emailsec/en-us/cloud/release_notes/2024/index.html
[Queue: 3007] Crawling: https://help.forcepoint.com/emailsec/en-us/cloud/release_notes/2023/esc_2023_rn_en-us.pdf
[Queue: 3006] Crawling: https://help.forcepoint.com/emailsec/en-us/cloud/release_notes/2023/index.html
[Queue: 3015] Crawling: https://help.forcepoint.com/emailsec/en-us/cloud/release_notes/2022/esc_2022_rn_en-us.pdf
[Queue: 3014] Crawling: https://help.forcepoint.com/emailsec/en-us/cloud/release_notes/2022/index.html
[Queue: 3013] Crawling: https://help.forcepoint.com/docs/email/hosted/release_notes/2021/first.aspx
[Queue: 3012] Crawling: https://help.forcepoint.com/docs/email/hosted/release_notes/2020/first.aspx
[Queue: 3016] Crawling: https://help.forcepoint.com/docs/email/hosted/release_notes/2019/first.aspx
[Queue: 3015] Crawling: https://help.forcepoint.com/emailsec/en-us/cloud/tech_tips/esc_mfpesc_en-us.pdf
[Queue: 3014] Crawling: https://help.forcepoint.com/emailsec/en-us/cloud/tech_tips/
[Queue: 3013] Crawling: https://help.forcepoint.com/emailsec/en-us/cloud/admin_guide/esc_csgph_en-us.pdf
[Queue: 3012] Crawling: https://help.forcepoint.com/emailsec/en-us/cloud/admin_guide/index.html
Saving 600 pages...
[Queue: 3016] Crawling: https://help.forcepoint.com/emailsec/en-us/cloud/siem_guide/esc_gs-siemi_en-us.pdf
[Queue: 3015] Crawling: https://help.forcepoint.com/emailsec/en-us/cloud/siem_guide/
[Queue: 3014] Crawling: https://help.forcepoint.com/emailsec/en-us/cloud/tech_tips/esc_mfpesc_en-us.pdf
[Queue: 3013] Crawling: https://help.forcepoint.com/emailsec/en-us/cloud/tech_tips/
[Queue: 3012] Crawling: https://help.forcepoint.com/emailsec/en-us/cloud/enduser_guide/esc_eug_en-us.pdf
[Queue: 3112] Crawling: https://help.forcepoint.com/emailsec/en-us/cloud/enduser_guide/
[Queue: 3120] Crawling: https://help.forcepoint.com/F1E/en-us/v25/ep_release_notes/release_notes_25_11.pdf
[Queue: 3119] Crawling: https://help.forcepoint.com/F1E/en-us/v25/ep_release_notes/index.html
[Queue: 3118] Crawling: https://help.forcepoint.com/F1E/en-us/v25/ep_release_notes/release_notes_25_09_5741.pdf
[Queue: 3117] Crawling: https://help.forcepoint.com/F1E/en-us/v25/ep_release_notes/release_notes_25_09.pdf
[Queue: 3116] Crawling: https://help.forcepoint.com/F1E/en-us/v25/ep_release_notes/release_notes_25_08.pdf
[Queue: 3133] Crawling: https://help.forcepoint.com/F1E/en-us/v25/ep_release_notes/release_notes_25_07.pdf
[Queue: 3132] Crawling: https://help.forcepoint.com/F1E/en-us/v25/ep_release_notes/release_notes_25_06.pdf
[Queue: 3131] Crawling: https://help.forcepoint.com/F1E/en-us/v25/ep_release_notes/release_notes_25_05.pdf
[Queue: 3136] Crawling: https://help.forcepoint.com/F1E/en-us/v25/ep_release_notes/release_notes_25_04.pdf
[Queue: 3135] Crawling: https://help.forcepoint.com/F1E/en-us/v25/ep_release_notes/release_notes_25_03.pdf
[Queue: 3134] Crawling: https://help.forcepoint.com/F1E/en-us/v25/ep_release_notes/release_notes_25_02.pdf
[Queue: 3133] Crawling: https://help.forcepoint.com/F1E/en-us/v25/ep_install/ep_install.pdf
[Queue: 3132] Crawling: https://help.forcepoint.com/F1E/en-us/v25/ep_install/index.html
[Queue: 3131] Crawling: https://help.forcepoint.com/F1E/en-us/v25/ep_upgrade/ep_upgrade.pdf
[Queue: 3130] Crawling: https://help.forcepoint.com/F1E/en-us/v25/ep_upgrade/index.html
[Queue: 3129] Crawling: https://help.forcepoint.com/F1E/en-us/v25/ep_xenapp/ep_xenapp.pdf
[Queue: 3128] Crawling: https://help.forcepoint.com/F1E/en-us/v25/ep_xenapp/index.html
[Queue: 3127] Crawling: https://help.forcepoint.com/F1E/en-us/v25/ep_auto_update/auto_update.pdf
[Queue: 3147] Crawling: https://help.forcepoint.com/F1E/en-us/v25/ep_auto_update/index.html
[Queue: 3146] Crawling: https://help.forcepoint.com/F1E/en-us/v25/ep_dlp_apps/dlp_apps.pdf
[Queue: 3145] Crawling: https://help.forcepoint.com/F1E/en-us/v25/ep_dlp_apps/index.html
[Queue: 3144] Crawling: https://help.forcepoint.com/F1E/en-us/v25/ep_end_user/ep_end_user.pdf
[Queue: 3170] Crawling: https://help.forcepoint.com/F1E/en-us/v25/ep_end_user/index.html
[Queue: 3169] Crawling: https://help.forcepoint.com/F1E/en-us/v24/ep_release_notes/release_notes_24_11.pdf
[Queue: 3168] Crawling: https://help.forcepoint.com/F1E/en-us/v24/ep_release_notes/index.html
[Queue: 3175] Crawling: https://help.forcepoint.com/F1E/en-us/v24/ep_release_notes/release_notes_24_07.pdf
[Queue: 3174] Crawling: https://help.forcepoint.com/F1E/en-us/v24/ep_release_notes/release_notes_24_04.pdf
[Queue: 3217] Crawling: https://help.forcepoint.com/F1E/en-us/v24/ep_install/ep_install.pdf
[Queue: 3216] Crawling: https://help.forcepoint.com/F1E/en-us/v24/ep_install/index.html
[Queue: 3215] Crawling: https://help.forcepoint.com/F1E/en-us/v24/ep_upgrade/ep_upgrade.pdf
[Queue: 3214] Crawling: https://help.forcepoint.com/F1E/en-us/v24/ep_upgrade/index.html
[Queue: 3213] Crawling: https://help.forcepoint.com/F1E/en-us/v24/ep_xenapp/ep_xenapp.pdf
[Queue: 3212] Crawling: https://help.forcepoint.com/F1E/en-us/v24/ep_xenapp/index.html
[Queue: 3253] Crawling: https://help.forcepoint.com/F1E/en-us/v24/ep_auto_update/auto_update.pdf
[Queue: 3252] Crawling: https://help.forcepoint.com/F1E/en-us/v24/ep_auto_update/index.html
[Queue: 3251] Crawling: https://help.forcepoint.com/F1E/en-us/v24/ep_dlp_apps/dlp_apps.pdf
[Queue: 3250] Crawling: https://help.forcepoint.com/F1E/en-us/v24/ep_dlp_apps/index.html
[Queue: 3254] Crawling: https://help.forcepoint.com/F1E/en-us/v24/ep_end_user/ep_end_user.pdf
[Queue: 3253] Crawling: https://help.forcepoint.com/F1E/en-us/v24/ep_end_user/index.html
[Queue: 3252] Crawling: https://help.forcepoint.com/docs/ngfw/hw/ngfw_hg_desktop_60_rev_0_d_en-us.pdf
[Queue: 3293] Crawling: https://help.forcepoint.com/docs/ngfw/hw/ngfw_hg_desktop_60_rev_1_a_en-us.pdf
[Queue: 3292] Crawling: https://help.forcepoint.com/docs/ngfw/hw/ngfw_hg_desktop_61_a_en-us.pdf
[Queue: 3291] Crawling: https://help.forcepoint.com/docs/ngfw/hw/ngfw_hg_desktop_120_rev_0_i_en-us.pdf
[Queue: 3290] Crawling: https://help.forcepoint.com/docs/ngfw/hw/ngfw_hg_desktop_120_rev_1_b_en-us.pdf
[Queue: 3289] Crawling: https://help.forcepoint.com/docs/ngfw/hw/ngfw_hg_desktop_130_a_en-us.pdf
[Queue: 3288] Crawling: https://help.forcepoint.com/docs/ngfw/hw/ngfw_hg_desktop_350_c_en-us.pdf
[Queue: 3287] Crawling: https://help.forcepoint.com/docs/ngfw/hw/forcepoint_product_safety_regulatory_compliance_en-us.pdf
[Queue: 3286] Crawling: https://help.forcepoint.com/docs/ngfw/hw/ngfw_6x_qs_701-0003I00_en-us.pdf
[Queue: 3285] Crawling: https://help.forcepoint.com/docs/ngfw/hw/ngfw_hg_1U_1200_b_en-us.pdf
[Queue: 3284] Crawling: https://help.forcepoint.com/docs/ngfw/hw/ngfw_hg_1U_2201_2205_2210_a_en-us.pdf
[Queue: 3283] Crawling: https://help.forcepoint.com/docs/ngfw/hw/ngfw_hg_1U_2300_a_en-us.pdf
[Queue: 3282] Crawling: https://help.forcepoint.com/docs/ngfw/hw/forcepoint_product_safety_regulatory_compliance_en-us.pdf
[Queue: 3281] Crawling: https://help.forcepoint.com/docs/ngfw/hw/ngfw_6x_qs_701-0003I00_en-us.pdf
[Queue: 3280] Crawling: https://help.forcepoint.com/docs/ngfw/hw/ngfw_hg_2U_3401_3405_3410_c_en-us.pdf
[Queue: 3279] Crawling: https://help.forcepoint.com/docs/ngfw/hw/ngfw_hg_2U_3505_3510_a_en-us.pdf
[Queue: 3276] Crawling: https://help.forcepoint.com/docs/ngfw/hw/ngfw_hg_smc-app-1000-g5_a_en-us.pdf
[Queue: 3275] Crawling: https://help.forcepoint.com/docs/ngfw/hw/ngfw_qs_smc_701-0067C00_en-us.pdf
[Queue: 3274] Crawling: https://help.forcepoint.com/docs/ngfw/hw/ngfw_hg_smc-app_b_en-us.pdf
[Queue: 3273] Crawling: https://help.forcepoint.com/docs/ngfw/hw/ngfw_hg_smc-app-1000-g2_b_en-us.pdf
[Queue: 3272] Crawling: https://help.forcepoint.com/docs/Forcepoint%20V-Series%20and%20Virtual%20Appliances%20Documentation.html#FSAM
[Queue: 3271] Crawling: https://help.forcepoint.com/docs/Forcepoint%20V-Series%20and%20Virtual%20Appliances%20Documentation.html#v20
[Queue: 3328] Crawling: https://help.forcepoint.com/docs/Forcepoint%20V-Series%20and%20Virtual%20Appliances%20Documentation.html#ova
[Queue: 3327] Crawling: https://help.forcepoint.com/docs/Forcepoint%20V-Series%20and%20Virtual%20Appliances%20Documentation.html#ova85
[Queue: 3326] Crawling: https://help.forcepoint.com/docs/Forcepoint%20V-Series%20and%20Virtual%20Appliances%20Documentation.html#v20k
[Queue: 3383] Crawling: https://help.forcepoint.com/docs/Forcepoint%20V-Series%20and%20Virtual%20Appliances%20Documentation.html#v20k85
[Queue: 3556] Crawling: https://help.forcepoint.com/docs/Forcepoint%20V-Series%20and%20Virtual%20Appliances%20Documentation.html#v10k
[Queue: 3555] Crawling: https://help.forcepoint.com/docs/Forcepoint%20V-Series%20and%20Virtual%20Appliances%20Documentation.html#v10k85
[Queue: 3554] Crawling: https://help.forcepoint.com/docs/Forcepoint%20V-Series%20and%20Virtual%20Appliances%20Documentation.html#v5k
[Queue: 3611] Crawling: https://help.forcepoint.com/docs/Forcepoint%20V-Series%20and%20Virtual%20Appliances%20Documentation.html#v5k85
[Queue: 3609] Crawling: https://help.forcepoint.com/appliance/en-us/2.0.1/fsam/release_notes/fsam_2.0.1_rn_en-us.pdf
[Queue: 3779] Crawling: https://help.forcepoint.com/appliance/en-us/2.0.1/fsam/release_notes/
[Queue: 3778] Crawling: https://help.forcepoint.com/docs/appliance/fsam/v2.0.1/fsam_release_notes/appl_mgr_release_notes.pdf
[Queue: 3777] Crawling: https://help.forcepoint.com/appliance/en-us/2.x/fsam/install_guide/fsam_2x_ig_en-us.pdf
[Queue: 3776] Crawling: https://help.forcepoint.com/appliance/en-us/2.x/fsam/install_guide/
[Queue: 3775] Crawling: https://help.forcepoint.com/docs/appliance/fsam/v2.0/fsam_install/fsam_install.pdf
[Queue: 3774] Crawling: https://help.forcepoint.com/appliance/en-us/2.x/fsam/admin_help/v-series-x-series-va/fsam_20x_ah_a_en-us.pdf
[Queue: 3837] Crawling: https://help.forcepoint.com/appliance/en-us/2.x/fsam/admin_help/v-series-x-series-va/
[Queue: 3836] Crawling: https://help.forcepoint.com/docs/appliance/fsam/v2.0/fsam_help/fsam_2_0_help.pdf
[Queue: 3835] Crawling: https://help.forcepoint.com/appliance/en-us/2.x/fsam/troubleshooting_guide/fsam_2x_tg_a_en-us.pdf
[Queue: 3834] Crawling: https://help.forcepoint.com/appliance/en-us/2.x/fsam/troubleshooting_guide/
[Queue: 3833] Crawling: https://help.forcepoint.com/appliance/en-us/2.x/fsam/troubleshooting_guide/fsam_2x_tg_a_en-us.pdf
[Queue: 3844] Crawling: https://help.forcepoint.com/appliance/en-us/8.5.7/release_notes/fa_8.5.7_rn_en-us.pdf
[Queue: 3843] Crawling: https://help.forcepoint.com/appliance/en-us/8.5.7/release_notes/index.html
[Queue: 3842] Crawling: https://help.forcepoint.com/appliance/en-us/8.5.6/release_notes/fa_8.5.6_rn_en-us.pdf
[Queue: 3841] Crawling: https://help.forcepoint.com/appliance/en-us/8.5.6/release_notes/index.html
[Queue: 3840] Crawling: https://help.forcepoint.com/docs/appliance/v855/release_notes/appliances_release_notes.pdf
[Queue: 3839] Crawling: https://help.forcepoint.com/docs/appliance/v854/release_notes/appliances_release_notes.pdf
[Queue: 3838] Crawling: https://help.forcepoint.com/docs/appliance/v85/getting_started/getting_started.pdf
[Queue: 3837] Crawling: https://help.forcepoint.com/docs/appliance/v85/upgrade_guide/v_x_va_upgrade_guide.pdf
[Queue: 3848] Crawling: https://help.forcepoint.com/docs/appliance/v855/release_notes/appliances_release_notes.pdf
[Queue: 3847] Crawling: https://help.forcepoint.com/docs/appliance/v854/release_notes/appliances_release_notes.pdf
[Queue: 3846] Crawling: https://help.forcepoint.com/docs/appliance/v855/qs_posters/v10kg5_v20kg5_qs_poster.pdf
[Queue: 3845] Crawling: https://help.forcepoint.com/docs/deployctr/v85/first.aspx
[Queue: 3844] Crawling: https://help.forcepoint.com/appliance/en-us/8.5.x/install_guide/v20k-v10k-g1-g4r1-g4r2-10gbe-nic/10gbe_nic_84x_ig_a_en-us.pdf
[Queue: 3843] Crawling: https://help.forcepoint.com/appliance/en-us/8.5.x/install_guide/v20k-v10k-g1-g4r1-g4r2-10gbe-nic/
Saving 700 pages...
[Queue: 3841] Crawling: https://help.forcepoint.com/docs/appliance/v85/getting_started/getting_started.pdf
[Queue: 3840] Crawling: https://help.forcepoint.com/docs/appliance/v85/qs_posters/v850_v10kg4_v20kg1_qs_poster.pdf
[Queue: 3839] Crawling: https://help.forcepoint.com/docs/shared/v85/backup_faq/backup_and_restore.pdf
[Queue: 3837] Crawling: https://help.forcepoint.com/docs/appliance/v85/appliance_api/index.html
[Queue: 3838] Crawling: https://help.forcepoint.com/appliance/en-us/8.5.6/install/v10kg5_10gbe_nic_ig_a_en-us.pdf
[Queue: 3837] Crawling: https://help.forcepoint.com/appliance/en-us/8.5.6/install/index.html
[Queue: 3834] Crawling: https://help.forcepoint.com/docs/appliance/v85/NIC/NIC_install.pdf
[Queue: 3831] Crawling: https://help.forcepoint.com/appliance/en-us/8.5.5/upgrade_guide/v-series-dual-mode/fvdma_85x_ug_a_en-us.pdf
[Queue: 3830] Crawling: https://help.forcepoint.com/appliance/en-us/8.5.5/upgrade_guide/v-series-dual-mode/
[Queue: 3829] Crawling: https://help.forcepoint.com/docs/appliance/v85/upgrade_guide/v_series_upgrade_guide.pdf
[Queue: 3831] Crawling: https://help.forcepoint.com/appliance/en-us/8.5.5/quick_start_poster/v10kg4r2-perc11/v850_v10kg4r2_v20kg1_qs_poster.pdf
[Queue: 3833] Crawling: https://help.forcepoint.com/docs/appliance/v85/qs_posters/v850_v5kg5_qs_poster.pdf
[Queue: 3829] Crawling: https://help.forcepoint.com/docs/appliance/v85/upgrade_guide/dual_mode_upgrade_guide.pdf
[Queue: 3827] Crawling: https://help.forcepoint.com/docs/appliance/v85/qs_posters/v850_v5kg5_qs_poster.pdf
[Queue: 3826] Crawling: https://help.forcepoint.com/docs/appliance/v85/qs_posters/v850_v5kg4r2dlp_qs_poster.pdf
[Queue: 3821] Crawling: https://help.forcepoint.com/docs/Forcepoint%20V-Series%20and%20Virtual%20Appliances%20Documentation.html#top
[Queue: 3820] Crawling: https://help.forcepoint.com/docs/web/v854/release_notes/first.aspx
